{"C:\\Users\\luisf\\OneDrive\\Escritorio\\CASHTRACKR\\backend\\src\\server.ts": {"path":"C:\\Users\\luisf\\OneDrive\\Escritorio\\CASHTRACKR\\backend\\src\\server.ts","statementMap":{"0":{"start":{"line":8,"column":0},"end":{"line":8,"column":7}},"1":{"start":{"line":1,"column":0},"end":{"line":1,"column":29}},"2":{"start":{"line":3,"column":0},"end":{"line":3,"column":27}},"3":{"start":{"line":4,"column":0},"end":{"line":4,"column":32}},"4":{"start":{"line":5,"column":0},"end":{"line":5,"column":53}},"5":{"start":{"line":6,"column":0},"end":{"line":6,"column":44}},"6":{"start":{"line":9,"column":4},"end":{"line":15,"column":5}},"7":{"start":{"line":10,"column":8},"end":{"line":10,"column":32}},"8":{"start":{"line":11,"column":8},"end":{"line":11,"column":18}},"9":{"start":{"line":18,"column":0},"end":{"line":18,"column":12}},"10":{"start":{"line":20,"column":12},"end":{"line":20,"column":21}},"11":{"start":{"line":22,"column":0},"end":{"line":22,"column":null}},"12":{"start":{"line":24,"column":0},"end":{"line":24,"column":null}},"13":{"start":{"line":26,"column":0},"end":{"line":26,"column":37}},"14":{"start":{"line":28,"column":0},"end":{"line":28,"column":34}},"15":{"start":{"line":30,"column":0},"end":{"line":30,"column":null}}},"fnMap":{"0":{"name":"connectDB","decl":{"start":{"line":8,"column":22},"end":{"line":8,"column":31}},"loc":{"start":{"line":8,"column":31},"end":{"line":16,"column":1}}}},"branchMap":{},"s":{"0":1,"1":1,"2":1,"3":1,"4":1,"5":1,"6":1,"7":1,"8":1,"9":1,"10":1,"11":1,"12":1,"13":1,"14":1,"15":1},"f":{"0":1},"b":{}}
,"C:\\Users\\luisf\\OneDrive\\Escritorio\\CASHTRACKR\\backend\\src\\config\\db.ts": {"path":"C:\\Users\\luisf\\OneDrive\\Escritorio\\CASHTRACKR\\backend\\src\\config\\db.ts","statementMap":{"0":{"start":{"line":1,"column":0},"end":{"line":1,"column":49}},"1":{"start":{"line":2,"column":0},"end":{"line":2,"column":28}},"2":{"start":{"line":4,"column":0},"end":{"line":4,"column":16}},"3":{"start":{"line":6,"column":13},"end":{"line":13,"column":3}}},"fnMap":{},"branchMap":{},"s":{"0":1,"1":1,"2":1,"3":1},"f":{},"b":{}}
,"C:\\Users\\luisf\\OneDrive\\Escritorio\\CASHTRACKR\\backend\\src\\config\\limiter.ts": {"path":"C:\\Users\\luisf\\OneDrive\\Escritorio\\CASHTRACKR\\backend\\src\\config\\limiter.ts","statementMap":{"0":{"start":{"line":1,"column":0},"end":{"line":1,"column":45}},"1":{"start":{"line":3,"column":13},"end":{"line":7,"column":null}}},"fnMap":{},"branchMap":{"0":{"loc":{"start":{"line":5,"column":10},"end":{"line":5,"column":56}},"type":"cond-expr","locations":[{"start":{"line":5,"column":49},"end":{"line":5,"column":50}},{"start":{"line":5,"column":53},"end":{"line":5,"column":56}}]}},"s":{"0":1,"1":1},"f":{},"b":{"0":[0,1]}}
,"C:\\Users\\luisf\\OneDrive\\Escritorio\\CASHTRACKR\\backend\\src\\config\\nodemailer.ts": {"path":"C:\\Users\\luisf\\OneDrive\\Escritorio\\CASHTRACKR\\backend\\src\\config\\nodemailer.ts","statementMap":{"0":{"start":{"line":1,"column":0},"end":{"line":1,"column":36}},"1":{"start":{"line":2,"column":0},"end":{"line":2,"column":27}},"2":{"start":{"line":3,"column":0},"end":{"line":3,"column":16}},"3":{"start":{"line":5,"column":15},"end":{"line":14,"column":1}},"4":{"start":{"line":6,"column":4},"end":{"line":13,"column":null}},"5":{"start":{"line":17,"column":13},"end":{"line":17,"column":62}}},"fnMap":{"0":{"name":"(anonymous_1)","decl":{"start":{"line":5,"column":15},"end":{"line":5,"column":18}},"loc":{"start":{"line":5,"column":20},"end":{"line":14,"column":1}}}},"branchMap":{},"s":{"0":1,"1":1,"2":1,"3":1,"4":1,"5":1},"f":{"0":1},"b":{}}
,"C:\\Users\\luisf\\OneDrive\\Escritorio\\CASHTRACKR\\backend\\src\\controllers\\AuthController.ts": {"path":"C:\\Users\\luisf\\OneDrive\\Escritorio\\CASHTRACKR\\backend\\src\\controllers\\AuthController.ts","statementMap":{"0":{"start":{"line":2,"column":0},"end":{"line":2,"column":34}},"1":{"start":{"line":3,"column":0},"end":{"line":3,"column":62}},"2":{"start":{"line":4,"column":0},"end":{"line":4,"column":47}},"3":{"start":{"line":5,"column":0},"end":{"line":5,"column":50}},"4":{"start":{"line":6,"column":0},"end":{"line":6,"column":43}},"5":{"start":{"line":8,"column":27},"end":{"line":45,"column":5}},"6":{"start":{"line":10,"column":36},"end":{"line":10,"column":44}},"7":{"start":{"line":13,"column":26},"end":{"line":13,"column":63}},"8":{"start":{"line":14,"column":8},"end":{"line":18,"column":9}},"9":{"start":{"line":15,"column":26},"end":{"line":15,"column":75}},"10":{"start":{"line":16,"column":12},"end":{"line":16,"column":null}},"11":{"start":{"line":17,"column":12},"end":{"line":17,"column":18}},"12":{"start":{"line":20,"column":8},"end":{"line":44,"column":9}},"13":{"start":{"line":22,"column":25},"end":{"line":22,"column":52}},"14":{"start":{"line":23,"column":12},"end":{"line":23,"column":56}},"15":{"start":{"line":24,"column":26},"end":{"line":24,"column":41}},"16":{"start":{"line":25,"column":12},"end":{"line":25,"column":31}},"17":{"start":{"line":27,"column":12},"end":{"line":29,"column":13}},"18":{"start":{"line":28,"column":16},"end":{"line":28,"column":63}},"19":{"start":{"line":31,"column":12},"end":{"line":31,"column":30}},"20":{"start":{"line":33,"column":12},"end":{"line":37,"column":null}},"21":{"start":{"line":39,"column":12},"end":{"line":39,"column":65}},"22":{"start":{"line":40,"column":12},"end":{"line":40,"column":18}},"23":{"start":{"line":42,"column":12},"end":{"line":42,"column":null}},"24":{"start":{"line":43,"column":12},"end":{"line":43,"column":18}},"25":{"start":{"line":47,"column":28},"end":{"line":70,"column":5}},"26":{"start":{"line":49,"column":8},"end":{"line":69,"column":9}},"27":{"start":{"line":51,"column":28},"end":{"line":51,"column":36}},"28":{"start":{"line":52,"column":25},"end":{"line":52,"column":64}},"29":{"start":{"line":54,"column":12},"end":{"line":58,"column":13}},"30":{"start":{"line":55,"column":30},"end":{"line":55,"column":58}},"31":{"start":{"line":56,"column":16},"end":{"line":56,"column":null}},"32":{"start":{"line":57,"column":16},"end":{"line":57,"column":22}},"33":{"start":{"line":60,"column":12},"end":{"line":60,"column":34}},"34":{"start":{"line":61,"column":12},"end":{"line":61,"column":30}},"35":{"start":{"line":62,"column":12},"end":{"line":62,"column":30}},"36":{"start":{"line":63,"column":12},"end":{"line":63,"column":81}},"37":{"start":{"line":66,"column":12},"end":{"line":66,"column":27}},"38":{"start":{"line":67,"column":26},"end":{"line":67,"column":67}},"39":{"start":{"line":68,"column":12},"end":{"line":68,"column":null}},"40":{"start":{"line":72,"column":19},"end":{"line":103,"column":5}},"41":{"start":{"line":73,"column":8},"end":{"line":102,"column":9}},"42":{"start":{"line":74,"column":38},"end":{"line":74,"column":46}},"43":{"start":{"line":75,"column":25},"end":{"line":75,"column":61}},"44":{"start":{"line":77,"column":12},"end":{"line":81,"column":13}},"45":{"start":{"line":78,"column":30},"end":{"line":78,"column":64}},"46":{"start":{"line":79,"column":16},"end":{"line":79,"column":null}},"47":{"start":{"line":80,"column":16},"end":{"line":80,"column":22}},"48":{"start":{"line":83,"column":12},"end":{"line":87,"column":13}},"49":{"start":{"line":84,"column":30},"end":{"line":84,"column":74}},"50":{"start":{"line":85,"column":16},"end":{"line":85,"column":null}},"51":{"start":{"line":86,"column":16},"end":{"line":86,"column":22}},"52":{"start":{"line":89,"column":38},"end":{"line":89,"column":84}},"53":{"start":{"line":91,"column":12},"end":{"line":95,"column":13}},"54":{"start":{"line":92,"column":30},"end":{"line":92,"column":64}},"55":{"start":{"line":93,"column":16},"end":{"line":93,"column":null}},"56":{"start":{"line":94,"column":16},"end":{"line":94,"column":22}},"57":{"start":{"line":96,"column":26},"end":{"line":96,"column":46}},"58":{"start":{"line":98,"column":12},"end":{"line":98,"column":28}},"59":{"start":{"line":100,"column":12},"end":{"line":100,"column":31}},"60":{"start":{"line":101,"column":12},"end":{"line":101,"column":null}},"61":{"start":{"line":105,"column":28},"end":{"line":130,"column":5}},"62":{"start":{"line":106,"column":8},"end":{"line":129,"column":9}},"63":{"start":{"line":107,"column":28},"end":{"line":107,"column":36}},"64":{"start":{"line":108,"column":25},"end":{"line":108,"column":61}},"65":{"start":{"line":109,"column":12},"end":{"line":113,"column":13}},"66":{"start":{"line":110,"column":30},"end":{"line":110,"column":64}},"67":{"start":{"line":111,"column":16},"end":{"line":111,"column":null}},"68":{"start":{"line":112,"column":16},"end":{"line":112,"column":22}},"69":{"start":{"line":115,"column":12},"end":{"line":115,"column":41}},"70":{"start":{"line":116,"column":12},"end":{"line":116,"column":30}},"71":{"start":{"line":118,"column":12},"end":{"line":122,"column":15}},"72":{"start":{"line":124,"column":12},"end":{"line":124,"column":110}},"73":{"start":{"line":126,"column":12},"end":{"line":126,"column":27}},"74":{"start":{"line":127,"column":26},"end":{"line":127,"column":98}},"75":{"start":{"line":128,"column":12},"end":{"line":128,"column":null}},"76":{"start":{"line":132,"column":27},"end":{"line":150,"column":5}},"77":{"start":{"line":133,"column":8},"end":{"line":149,"column":9}},"78":{"start":{"line":134,"column":28},"end":{"line":134,"column":36}},"79":{"start":{"line":135,"column":31},"end":{"line":135,"column":67}},"80":{"start":{"line":137,"column":12},"end":{"line":141,"column":13}},"81":{"start":{"line":138,"column":30},"end":{"line":138,"column":62}},"82":{"start":{"line":139,"column":16},"end":{"line":139,"column":null}},"83":{"start":{"line":140,"column":16},"end":{"line":140,"column":23}},"84":{"start":{"line":143,"column":12},"end":{"line":143,"column":70}},"85":{"start":{"line":146,"column":12},"end":{"line":146,"column":27}},"86":{"start":{"line":147,"column":26},"end":{"line":147,"column":64}},"87":{"start":{"line":148,"column":12},"end":{"line":148,"column":null}},"88":{"start":{"line":152,"column":36},"end":{"line":173,"column":5}},"89":{"start":{"line":153,"column":24},"end":{"line":153,"column":34}},"90":{"start":{"line":154,"column":27},"end":{"line":154,"column":35}},"91":{"start":{"line":155,"column":8},"end":{"line":172,"column":9}},"92":{"start":{"line":156,"column":25},"end":{"line":156,"column":61}},"93":{"start":{"line":157,"column":12},"end":{"line":161,"column":13}},"94":{"start":{"line":158,"column":30},"end":{"line":158,"column":64}},"95":{"start":{"line":159,"column":16},"end":{"line":159,"column":null}},"96":{"start":{"line":160,"column":16},"end":{"line":160,"column":22}},"97":{"start":{"line":163,"column":12},"end":{"line":163,"column":57}},"98":{"start":{"line":164,"column":12},"end":{"line":164,"column":28}},"99":{"start":{"line":165,"column":12},"end":{"line":165,"column":30}},"100":{"start":{"line":166,"column":12},"end":{"line":166,"column":87}},"101":{"start":{"line":169,"column":12},"end":{"line":169,"column":27}},"102":{"start":{"line":170,"column":26},"end":{"line":170,"column":73}},"103":{"start":{"line":171,"column":12},"end":{"line":171,"column":null}},"104":{"start":{"line":175,"column":18},"end":{"line":177,"column":5}},"105":{"start":{"line":176,"column":8},"end":{"line":176,"column":27}},"106":{"start":{"line":179,"column":39},"end":{"line":195,"column":5}},"107":{"start":{"line":180,"column":45},"end":{"line":180,"column":53}},"108":{"start":{"line":181,"column":21},"end":{"line":181,"column":29}},"109":{"start":{"line":182,"column":21},"end":{"line":182,"column":44}},"110":{"start":{"line":184,"column":34},"end":{"line":184,"column":88}},"111":{"start":{"line":186,"column":8},"end":{"line":190,"column":9}},"112":{"start":{"line":187,"column":26},"end":{"line":187,"column":60}},"113":{"start":{"line":188,"column":12},"end":{"line":188,"column":null}},"114":{"start":{"line":189,"column":12},"end":{"line":189,"column":18}},"115":{"start":{"line":192,"column":8},"end":{"line":192,"column":53}},"116":{"start":{"line":193,"column":8},"end":{"line":193,"column":26}},"117":{"start":{"line":194,"column":8},"end":{"line":194,"column":57}},"118":{"start":{"line":197,"column":27},"end":{"line":211,"column":5}},"119":{"start":{"line":198,"column":29},"end":{"line":198,"column":37}},"120":{"start":{"line":199,"column":21},"end":{"line":199,"column":29}},"121":{"start":{"line":200,"column":21},"end":{"line":200,"column":44}},"122":{"start":{"line":202,"column":34},"end":{"line":202,"column":80}},"123":{"start":{"line":204,"column":8},"end":{"line":208,"column":9}},"124":{"start":{"line":205,"column":26},"end":{"line":205,"column":100}},"125":{"start":{"line":206,"column":12},"end":{"line":206,"column":null}},"126":{"start":{"line":207,"column":12},"end":{"line":207,"column":18}},"127":{"start":{"line":210,"column":8},"end":{"line":210,"column":40}},"128":{"start":{"line":7,"column":0},"end":{"line":7,"column":13}}},"fnMap":{"0":{"name":"(anonymous_1)","decl":{"start":{"line":8,"column":27},"end":{"line":8,"column":32}},"loc":{"start":{"line":8,"column":62},"end":{"line":45,"column":5}}},"1":{"name":"(anonymous_2)","decl":{"start":{"line":47,"column":28},"end":{"line":47,"column":33}},"loc":{"start":{"line":47,"column":63},"end":{"line":70,"column":5}}},"2":{"name":"(anonymous_3)","decl":{"start":{"line":72,"column":19},"end":{"line":72,"column":24}},"loc":{"start":{"line":72,"column":55},"end":{"line":103,"column":5}}},"3":{"name":"(anonymous_4)","decl":{"start":{"line":105,"column":28},"end":{"line":105,"column":33}},"loc":{"start":{"line":105,"column":66},"end":{"line":130,"column":5}}},"4":{"name":"(anonymous_5)","decl":{"start":{"line":132,"column":27},"end":{"line":132,"column":32}},"loc":{"start":{"line":132,"column":65},"end":{"line":150,"column":5}}},"5":{"name":"(anonymous_6)","decl":{"start":{"line":152,"column":36},"end":{"line":152,"column":41}},"loc":{"start":{"line":152,"column":72},"end":{"line":173,"column":5}}},"6":{"name":"(anonymous_7)","decl":{"start":{"line":175,"column":18},"end":{"line":175,"column":19}},"loc":{"start":{"line":175,"column":48},"end":{"line":177,"column":5}}},"7":{"name":"(anonymous_8)","decl":{"start":{"line":179,"column":39},"end":{"line":179,"column":44}},"loc":{"start":{"line":179,"column":75},"end":{"line":195,"column":5}}},"8":{"name":"(anonymous_9)","decl":{"start":{"line":197,"column":27},"end":{"line":197,"column":32}},"loc":{"start":{"line":197,"column":63},"end":{"line":211,"column":5}}}},"branchMap":{"0":{"loc":{"start":{"line":14,"column":8},"end":{"line":18,"column":9}},"type":"if","locations":[{"start":{"line":14,"column":8},"end":{"line":18,"column":9}}]},"1":{"loc":{"start":{"line":27,"column":12},"end":{"line":29,"column":13}},"type":"if","locations":[{"start":{"line":27,"column":12},"end":{"line":29,"column":13}}]},"2":{"loc":{"start":{"line":54,"column":12},"end":{"line":58,"column":13}},"type":"if","locations":[{"start":{"line":54,"column":12},"end":{"line":58,"column":13}}]},"3":{"loc":{"start":{"line":77,"column":12},"end":{"line":81,"column":13}},"type":"if","locations":[{"start":{"line":77,"column":12},"end":{"line":81,"column":13}}]},"4":{"loc":{"start":{"line":83,"column":12},"end":{"line":87,"column":13}},"type":"if","locations":[{"start":{"line":83,"column":12},"end":{"line":87,"column":13}}]},"5":{"loc":{"start":{"line":91,"column":12},"end":{"line":95,"column":13}},"type":"if","locations":[{"start":{"line":91,"column":12},"end":{"line":95,"column":13}}]},"6":{"loc":{"start":{"line":109,"column":12},"end":{"line":113,"column":13}},"type":"if","locations":[{"start":{"line":109,"column":12},"end":{"line":113,"column":13}}]},"7":{"loc":{"start":{"line":137,"column":12},"end":{"line":141,"column":13}},"type":"if","locations":[{"start":{"line":137,"column":12},"end":{"line":141,"column":13}}]},"8":{"loc":{"start":{"line":157,"column":12},"end":{"line":161,"column":13}},"type":"if","locations":[{"start":{"line":157,"column":12},"end":{"line":161,"column":13}}]},"9":{"loc":{"start":{"line":186,"column":8},"end":{"line":190,"column":9}},"type":"if","locations":[{"start":{"line":186,"column":8},"end":{"line":190,"column":9}}]},"10":{"loc":{"start":{"line":204,"column":8},"end":{"line":208,"column":9}},"type":"if","locations":[{"start":{"line":204,"column":8},"end":{"line":208,"column":9}}]}},"s":{"0":2,"1":2,"2":2,"3":2,"4":2,"5":2,"6":5,"7":5,"8":5,"9":3,"10":3,"11":3,"12":2,"13":2,"14":2,"15":2,"16":2,"17":2,"18":2,"19":2,"20":2,"21":2,"22":2,"23":0,"24":0,"25":2,"26":3,"27":3,"28":3,"29":3,"30":2,"31":2,"32":2,"33":1,"34":1,"35":1,"36":1,"37":0,"38":0,"39":0,"40":2,"41":13,"42":13,"43":13,"44":13,"45":2,"46":2,"47":2,"48":11,"49":3,"50":3,"51":3,"52":8,"53":8,"54":2,"55":2,"56":2,"57":6,"58":6,"59":0,"60":0,"61":2,"62":0,"63":0,"64":0,"65":0,"66":0,"67":0,"68":0,"69":0,"70":0,"71":0,"72":0,"73":0,"74":0,"75":0,"76":2,"77":0,"78":0,"79":0,"80":0,"81":0,"82":0,"83":0,"84":0,"85":0,"86":0,"87":0,"88":2,"89":0,"90":0,"91":0,"92":0,"93":0,"94":0,"95":0,"96":0,"97":0,"98":0,"99":0,"100":0,"101":0,"102":0,"103":0,"104":2,"105":0,"106":2,"107":0,"108":0,"109":0,"110":0,"111":0,"112":0,"113":0,"114":0,"115":0,"116":0,"117":0,"118":2,"119":0,"120":0,"121":0,"122":0,"123":0,"124":0,"125":0,"126":0,"127":0,"128":2},"f":{"0":5,"1":3,"2":13,"3":0,"4":0,"5":0,"6":0,"7":0,"8":0},"b":{"0":[3],"1":[2],"2":[2],"3":[2],"4":[3],"5":[2],"6":[0],"7":[0],"8":[0],"9":[0],"10":[0]}}
,"C:\\Users\\luisf\\OneDrive\\Escritorio\\CASHTRACKR\\backend\\src\\controllers\\BudgetController.ts": {"path":"C:\\Users\\luisf\\OneDrive\\Escritorio\\CASHTRACKR\\backend\\src\\controllers\\BudgetController.ts","statementMap":{"0":{"start":{"line":2,"column":0},"end":{"line":2,"column":38}},"1":{"start":{"line":3,"column":0},"end":{"line":3,"column":40}},"2":{"start":{"line":6,"column":20},"end":{"line":20,"column":5}},"3":{"start":{"line":7,"column":8},"end":{"line":19,"column":9}},"4":{"start":{"line":8,"column":28},"end":{"line":15,"column":14}},"5":{"start":{"line":16,"column":12},"end":{"line":16,"column":42}},"6":{"start":{"line":18,"column":12},"end":{"line":18,"column":86}},"7":{"start":{"line":22,"column":20},"end":{"line":32,"column":5}},"8":{"start":{"line":23,"column":8},"end":{"line":31,"column":9}},"9":{"start":{"line":24,"column":27},"end":{"line":24,"column":56}},"10":{"start":{"line":25,"column":12},"end":{"line":25,"column":40}},"11":{"start":{"line":26,"column":12},"end":{"line":26,"column":32}},"12":{"start":{"line":27,"column":12},"end":{"line":27,"column":69}},"13":{"start":{"line":30,"column":12},"end":{"line":30,"column":84}},"14":{"start":{"line":34,"column":21},"end":{"line":39,"column":5}},"15":{"start":{"line":35,"column":23},"end":{"line":37,"column":10}},"16":{"start":{"line":38,"column":8},"end":{"line":38,"column":37}},"17":{"start":{"line":41,"column":24},"end":{"line":44,"column":5}},"18":{"start":{"line":42,"column":8},"end":{"line":42,"column":42}},"19":{"start":{"line":43,"column":8},"end":{"line":43,"column":70}},"20":{"start":{"line":46,"column":24},"end":{"line":49,"column":5}},"21":{"start":{"line":47,"column":8},"end":{"line":47,"column":35}},"22":{"start":{"line":48,"column":8},"end":{"line":48,"column":68}},"23":{"start":{"line":5,"column":0},"end":{"line":5,"column":13}}},"fnMap":{"0":{"name":"(anonymous_1)","decl":{"start":{"line":6,"column":20},"end":{"line":6,"column":25}},"loc":{"start":{"line":6,"column":56},"end":{"line":20,"column":5}}},"1":{"name":"(anonymous_2)","decl":{"start":{"line":22,"column":20},"end":{"line":22,"column":25}},"loc":{"start":{"line":22,"column":56},"end":{"line":32,"column":5}}},"2":{"name":"(anonymous_3)","decl":{"start":{"line":34,"column":21},"end":{"line":34,"column":26}},"loc":{"start":{"line":34,"column":57},"end":{"line":39,"column":5}}},"3":{"name":"(anonymous_4)","decl":{"start":{"line":41,"column":24},"end":{"line":41,"column":29}},"loc":{"start":{"line":41,"column":60},"end":{"line":44,"column":5}}},"4":{"name":"(anonymous_5)","decl":{"start":{"line":46,"column":24},"end":{"line":46,"column":29}},"loc":{"start":{"line":46,"column":60},"end":{"line":49,"column":5}}}},"branchMap":{},"s":{"0":2,"1":2,"2":2,"3":5,"4":5,"5":4,"6":1,"7":2,"8":3,"9":3,"10":2,"11":2,"12":2,"13":1,"14":2,"15":4,"16":4,"17":2,"18":2,"19":2,"20":2,"21":1,"22":1,"23":2},"f":{"0":5,"1":3,"2":4,"3":2,"4":1},"b":{}}
,"C:\\Users\\luisf\\OneDrive\\Escritorio\\CASHTRACKR\\backend\\src\\controllers\\ExpenseController.ts": {"path":"C:\\Users\\luisf\\OneDrive\\Escritorio\\CASHTRACKR\\backend\\src\\controllers\\ExpenseController.ts","statementMap":{"0":{"start":{"line":2,"column":0},"end":{"line":2,"column":40}},"1":{"start":{"line":6,"column":20},"end":{"line":16,"column":5}},"2":{"start":{"line":7,"column":7},"end":{"line":15,"column":8}},"3":{"start":{"line":8,"column":28},"end":{"line":8,"column":58}},"4":{"start":{"line":9,"column":12},"end":{"line":9,"column":45}},"5":{"start":{"line":10,"column":12},"end":{"line":10,"column":33}},"6":{"start":{"line":11,"column":12},"end":{"line":11,"column":65}},"7":{"start":{"line":13,"column":12},"end":{"line":13,"column":58}},"8":{"start":{"line":14,"column":12},"end":{"line":14,"column":70}},"9":{"start":{"line":18,"column":21},"end":{"line":21,"column":5}},"10":{"start":{"line":19,"column":8},"end":{"line":19,"column":30}},"11":{"start":{"line":23,"column":24},"end":{"line":26,"column":5}},"12":{"start":{"line":24,"column":8},"end":{"line":24,"column":43}},"13":{"start":{"line":25,"column":8},"end":{"line":25,"column":64}},"14":{"start":{"line":28,"column":24},"end":{"line":31,"column":5}},"15":{"start":{"line":29,"column":8},"end":{"line":29,"column":36}},"16":{"start":{"line":30,"column":8},"end":{"line":30,"column":62}},"17":{"start":{"line":4,"column":0},"end":{"line":4,"column":13}}},"fnMap":{"0":{"name":"(anonymous_1)","decl":{"start":{"line":6,"column":20},"end":{"line":6,"column":25}},"loc":{"start":{"line":6,"column":58},"end":{"line":16,"column":5}}},"1":{"name":"(anonymous_2)","decl":{"start":{"line":18,"column":21},"end":{"line":18,"column":26}},"loc":{"start":{"line":18,"column":59},"end":{"line":21,"column":5}}},"2":{"name":"(anonymous_3)","decl":{"start":{"line":23,"column":24},"end":{"line":23,"column":29}},"loc":{"start":{"line":23,"column":62},"end":{"line":26,"column":5}}},"3":{"name":"(anonymous_4)","decl":{"start":{"line":28,"column":24},"end":{"line":28,"column":29}},"loc":{"start":{"line":28,"column":62},"end":{"line":31,"column":5}}}},"branchMap":{},"s":{"0":1,"1":1,"2":0,"3":0,"4":0,"5":0,"6":0,"7":0,"8":0,"9":1,"10":0,"11":1,"12":0,"13":0,"14":1,"15":0,"16":0,"17":1},"f":{"0":0,"1":0,"2":0,"3":0},"b":{}}
,"C:\\Users\\luisf\\OneDrive\\Escritorio\\CASHTRACKR\\backend\\src\\emails\\AuthEmails.ts": {"path":"C:\\Users\\luisf\\OneDrive\\Escritorio\\CASHTRACKR\\backend\\src\\emails\\AuthEmails.ts","statementMap":{"0":{"start":{"line":1,"column":0},"end":{"line":1,"column":48}},"1":{"start":{"line":11,"column":35},"end":{"line":26,"column":5}},"2":{"start":{"line":12,"column":22},"end":{"line":22,"column":10}},"3":{"start":{"line":24,"column":8},"end":{"line":24,"column":55}},"4":{"start":{"line":28,"column":36},"end":{"line":42,"column":5}},"5":{"start":{"line":29,"column":22},"end":{"line":39,"column":10}},"6":{"start":{"line":40,"column":8},"end":{"line":40,"column":93}},"7":{"start":{"line":10,"column":0},"end":{"line":10,"column":13}}},"fnMap":{"0":{"name":"(anonymous_0)","decl":{"start":{"line":11,"column":35},"end":{"line":11,"column":40}},"loc":{"start":{"line":11,"column":61},"end":{"line":26,"column":5}}},"1":{"name":"(anonymous_1)","decl":{"start":{"line":28,"column":36},"end":{"line":28,"column":41}},"loc":{"start":{"line":28,"column":61},"end":{"line":42,"column":5}}}},"branchMap":{},"s":{"0":1,"1":1,"2":1,"3":1,"4":1,"5":0,"6":0,"7":1},"f":{"0":1,"1":0},"b":{}}
,"C:\\Users\\luisf\\OneDrive\\Escritorio\\CASHTRACKR\\backend\\src\\middleware\\auth.ts": {"path":"C:\\Users\\luisf\\OneDrive\\Escritorio\\CASHTRACKR\\backend\\src\\middleware\\auth.ts","statementMap":{"0":{"start":{"line":2,"column":0},"end":{"line":2,"column":31}},"1":{"start":{"line":3,"column":0},"end":{"line":3,"column":34}},"2":{"start":{"line":13,"column":27},"end":{"line":48,"column":1}},"3":{"start":{"line":14,"column":19},"end":{"line":14,"column":44}},"4":{"start":{"line":16,"column":8},"end":{"line":20,"column":9}},"5":{"start":{"line":17,"column":26},"end":{"line":17,"column":52}},"6":{"start":{"line":18,"column":12},"end":{"line":18,"column":59}},"7":{"start":{"line":22,"column":25},"end":{"line":22,"column":42}},"8":{"start":{"line":23,"column":8},"end":{"line":26,"column":9}},"9":{"start":{"line":24,"column":26},"end":{"line":24,"column":53}},"10":{"start":{"line":25,"column":12},"end":{"line":25,"column":59}},"11":{"start":{"line":28,"column":8},"end":{"line":47,"column":9}},"12":{"start":{"line":29,"column":28},"end":{"line":29,"column":68}},"13":{"start":{"line":30,"column":12},"end":{"line":33,"column":13}},"14":{"start":{"line":31,"column":30},"end":{"line":31,"column":57}},"15":{"start":{"line":32,"column":16},"end":{"line":32,"column":63}},"16":{"start":{"line":35,"column":12},"end":{"line":42,"column":13}},"17":{"start":{"line":36,"column":33},"end":{"line":38,"column":18}},"18":{"start":{"line":40,"column":16},"end":{"line":40,"column":36}},"19":{"start":{"line":41,"column":16},"end":{"line":41,"column":23}},"20":{"start":{"line":45,"column":26},"end":{"line":45,"column":53}},"21":{"start":{"line":46,"column":12},"end":{"line":46,"column":59}},"22":{"start":{"line":13,"column":13},"end":{"line":13,"column":27}}},"fnMap":{"0":{"name":"(anonymous_1)","decl":{"start":{"line":13,"column":27},"end":{"line":13,"column":32}},"loc":{"start":{"line":13,"column":83},"end":{"line":48,"column":1}}}},"branchMap":{"0":{"loc":{"start":{"line":16,"column":8},"end":{"line":20,"column":9}},"type":"if","locations":[{"start":{"line":16,"column":8},"end":{"line":20,"column":9}}]},"1":{"loc":{"start":{"line":23,"column":8},"end":{"line":26,"column":9}},"type":"if","locations":[{"start":{"line":23,"column":8},"end":{"line":26,"column":9}}]},"2":{"loc":{"start":{"line":30,"column":12},"end":{"line":33,"column":13}},"type":"if","locations":[{"start":{"line":30,"column":12},"end":{"line":33,"column":13}}]},"3":{"loc":{"start":{"line":35,"column":12},"end":{"line":42,"column":13}},"type":"if","locations":[{"start":{"line":35,"column":12},"end":{"line":42,"column":13}}]},"4":{"loc":{"start":{"line":35,"column":16},"end":{"line":35,"column":57}},"type":"binary-expr","locations":[{"start":{"line":35,"column":16},"end":{"line":35,"column":43}},{"start":{"line":35,"column":47},"end":{"line":35,"column":57}}]}},"s":{"0":1,"1":1,"2":1,"3":13,"4":13,"5":4,"6":4,"7":13,"8":9,"9":0,"10":0,"11":9,"12":9,"13":8,"14":0,"15":0,"16":8,"17":8,"18":8,"19":8,"20":1,"21":1,"22":1},"f":{"0":13},"b":{"0":[4],"1":[0],"2":[0],"3":[8],"4":[8,8]}}
,"C:\\Users\\luisf\\OneDrive\\Escritorio\\CASHTRACKR\\backend\\src\\middleware\\budget.ts": {"path":"C:\\Users\\luisf\\OneDrive\\Escritorio\\CASHTRACKR\\backend\\src\\middleware\\budget.ts","statementMap":{"0":{"start":{"line":64,"column":0},"end":{"line":64,"column":16}},"1":{"start":{"line":2,"column":0},"end":{"line":2,"column":66}},"2":{"start":{"line":3,"column":0},"end":{"line":3,"column":38}},"3":{"start":{"line":13,"column":32},"end":{"line":22,"column":1}},"4":{"start":{"line":14,"column":4},"end":{"line":14,"column":146}},"5":{"start":{"line":14,"column":89},"end":{"line":14,"column":95}},"6":{"start":{"line":16,"column":17},"end":{"line":16,"column":38}},"7":{"start":{"line":17,"column":4},"end":{"line":20,"column":5}},"8":{"start":{"line":18,"column":8},"end":{"line":18,"column":null}},"9":{"start":{"line":19,"column":8},"end":{"line":19,"column":14}},"10":{"start":{"line":21,"column":4},"end":{"line":21,"column":11}},"11":{"start":{"line":13,"column":13},"end":{"line":13,"column":32}},"12":{"start":{"line":24,"column":36},"end":{"line":42,"column":1}},"13":{"start":{"line":25,"column":4},"end":{"line":41,"column":5}},"14":{"start":{"line":26,"column":27},"end":{"line":26,"column":37}},"15":{"start":{"line":27,"column":23},"end":{"line":27,"column":54}},"16":{"start":{"line":29,"column":8},"end":{"line":32,"column":9}},"17":{"start":{"line":30,"column":12},"end":{"line":30,"column":102}},"18":{"start":{"line":31,"column":12},"end":{"line":31,"column":19}},"19":{"start":{"line":34,"column":8},"end":{"line":34,"column":28}},"20":{"start":{"line":36,"column":8},"end":{"line":36,"column":15}},"21":{"start":{"line":39,"column":22},"end":{"line":39,"column":74}},"22":{"start":{"line":40,"column":8},"end":{"line":40,"column":54}},"23":{"start":{"line":24,"column":13},"end":{"line":24,"column":36}},"24":{"start":{"line":44,"column":36},"end":{"line":62,"column":1}},"25":{"start":{"line":45,"column":4},"end":{"line":61,"column":5}},"26":{"start":{"line":46,"column":8},"end":{"line":48,"column":81}},"27":{"start":{"line":50,"column":8},"end":{"line":54,"column":113}},"28":{"start":{"line":54,"column":30},"end":{"line":54,"column":40}},"29":{"start":{"line":56,"column":8},"end":{"line":56,"column":15}},"30":{"start":{"line":59,"column":22},"end":{"line":59,"column":74}},"31":{"start":{"line":60,"column":8},"end":{"line":60,"column":54}},"32":{"start":{"line":44,"column":13},"end":{"line":44,"column":36}},"33":{"start":{"line":65,"column":4},"end":{"line":69,"column":5}},"34":{"start":{"line":66,"column":22},"end":{"line":66,"column":51}},"35":{"start":{"line":67,"column":8},"end":{"line":67,"column":54}},"36":{"start":{"line":68,"column":8},"end":{"line":68,"column":15}},"37":{"start":{"line":70,"column":4},"end":{"line":70,"column":11}}},"fnMap":{"0":{"name":"(anonymous_1)","decl":{"start":{"line":13,"column":32},"end":{"line":13,"column":37}},"loc":{"start":{"line":13,"column":87},"end":{"line":22,"column":1}}},"1":{"name":"(anonymous_2)","decl":{"start":{"line":14,"column":83},"end":{"line":14,"column":85}},"loc":{"start":{"line":14,"column":89},"end":{"line":14,"column":95}}},"2":{"name":"(anonymous_3)","decl":{"start":{"line":24,"column":36},"end":{"line":24,"column":41}},"loc":{"start":{"line":24,"column":91},"end":{"line":42,"column":1}}},"3":{"name":"(anonymous_4)","decl":{"start":{"line":44,"column":36},"end":{"line":44,"column":41}},"loc":{"start":{"line":44,"column":91},"end":{"line":62,"column":1}}},"4":{"name":"(anonymous_5)","decl":{"start":{"line":54,"column":20},"end":{"line":54,"column":26}},"loc":{"start":{"line":54,"column":30},"end":{"line":54,"column":40}}},"5":{"name":"hasAcces","decl":{"start":{"line":64,"column":16},"end":{"line":64,"column":24}},"loc":{"start":{"line":64,"column":70},"end":{"line":72,"column":1}}}},"branchMap":{"0":{"loc":{"start":{"line":17,"column":4},"end":{"line":20,"column":5}},"type":"if","locations":[{"start":{"line":17,"column":4},"end":{"line":20,"column":5}}]},"1":{"loc":{"start":{"line":29,"column":8},"end":{"line":32,"column":9}},"type":"if","locations":[{"start":{"line":29,"column":8},"end":{"line":32,"column":9}}]},"2":{"loc":{"start":{"line":65,"column":4},"end":{"line":69,"column":5}},"type":"if","locations":[{"start":{"line":65,"column":4},"end":{"line":69,"column":5}}]}},"s":{"0":3,"1":3,"2":3,"3":3,"4":5,"5":4,"6":5,"7":5,"8":1,"9":1,"10":4,"11":3,"12":3,"13":7,"14":7,"15":7,"16":6,"17":2,"18":2,"19":4,"20":4,"21":1,"22":1,"23":3,"24":3,"25":4,"26":4,"27":4,"28":4,"29":4,"30":0,"31":0,"32":3,"33":6,"34":2,"35":2,"36":2,"37":4},"f":{"0":5,"1":4,"2":7,"3":4,"4":4,"5":6},"b":{"0":[1],"1":[2],"2":[2]}}
,"C:\\Users\\luisf\\OneDrive\\Escritorio\\CASHTRACKR\\backend\\src\\middleware\\expense.ts": {"path":"C:\\Users\\luisf\\OneDrive\\Escritorio\\CASHTRACKR\\backend\\src\\middleware\\expense.ts","statementMap":{"0":{"start":{"line":2,"column":0},"end":{"line":2,"column":66}},"1":{"start":{"line":3,"column":0},"end":{"line":3,"column":40}},"2":{"start":{"line":13,"column":37},"end":{"line":25,"column":1}},"3":{"start":{"line":14,"column":4},"end":{"line":16,"column":71}},"4":{"start":{"line":18,"column":4},"end":{"line":22,"column":103}},"5":{"start":{"line":22,"column":26},"end":{"line":22,"column":36}},"6":{"start":{"line":24,"column":4},"end":{"line":24,"column":11}},"7":{"start":{"line":13,"column":13},"end":{"line":13,"column":37}},"8":{"start":{"line":27,"column":33},"end":{"line":35,"column":1}},"9":{"start":{"line":28,"column":4},"end":{"line":28,"column":101}},"10":{"start":{"line":28,"column":50},"end":{"line":28,"column":56}},"11":{"start":{"line":29,"column":17},"end":{"line":29,"column":38}},"12":{"start":{"line":30,"column":4},"end":{"line":33,"column":5}},"13":{"start":{"line":31,"column":8},"end":{"line":31,"column":null}},"14":{"start":{"line":32,"column":8},"end":{"line":32,"column":14}},"15":{"start":{"line":34,"column":4},"end":{"line":34,"column":null}},"16":{"start":{"line":27,"column":13},"end":{"line":27,"column":33}},"17":{"start":{"line":37,"column":37},"end":{"line":55,"column":1}},"18":{"start":{"line":38,"column":4},"end":{"line":54,"column":5}},"19":{"start":{"line":39,"column":28},"end":{"line":39,"column":38}},"20":{"start":{"line":40,"column":24},"end":{"line":40,"column":57}},"21":{"start":{"line":42,"column":8},"end":{"line":45,"column":9}},"22":{"start":{"line":43,"column":26},"end":{"line":43,"column":90}},"23":{"start":{"line":44,"column":12},"end":{"line":44,"column":66}},"24":{"start":{"line":47,"column":8},"end":{"line":47,"column":30}},"25":{"start":{"line":49,"column":8},"end":{"line":49,"column":15}},"26":{"start":{"line":52,"column":22},"end":{"line":52,"column":86}},"27":{"start":{"line":53,"column":8},"end":{"line":53,"column":54}},"28":{"start":{"line":37,"column":13},"end":{"line":37,"column":37}}},"fnMap":{"0":{"name":"(anonymous_1)","decl":{"start":{"line":13,"column":37},"end":{"line":13,"column":42}},"loc":{"start":{"line":13,"column":92},"end":{"line":25,"column":1}}},"1":{"name":"(anonymous_2)","decl":{"start":{"line":22,"column":16},"end":{"line":22,"column":22}},"loc":{"start":{"line":22,"column":26},"end":{"line":22,"column":36}}},"2":{"name":"(anonymous_3)","decl":{"start":{"line":27,"column":33},"end":{"line":27,"column":38}},"loc":{"start":{"line":27,"column":88},"end":{"line":35,"column":1}}},"3":{"name":"(anonymous_4)","decl":{"start":{"line":28,"column":44},"end":{"line":28,"column":46}},"loc":{"start":{"line":28,"column":50},"end":{"line":28,"column":56}}},"4":{"name":"(anonymous_5)","decl":{"start":{"line":37,"column":37},"end":{"line":37,"column":42}},"loc":{"start":{"line":37,"column":92},"end":{"line":55,"column":1}}}},"branchMap":{"0":{"loc":{"start":{"line":30,"column":4},"end":{"line":33,"column":5}},"type":"if","locations":[{"start":{"line":30,"column":4},"end":{"line":33,"column":5}}]},"1":{"loc":{"start":{"line":42,"column":8},"end":{"line":45,"column":9}},"type":"if","locations":[{"start":{"line":42,"column":8},"end":{"line":45,"column":9}}]}},"s":{"0":2,"1":2,"2":2,"3":0,"4":0,"5":0,"6":0,"7":2,"8":2,"9":0,"10":0,"11":0,"12":0,"13":0,"14":0,"15":0,"16":2,"17":2,"18":3,"19":3,"20":3,"21":2,"22":1,"23":1,"24":1,"25":1,"26":1,"27":1,"28":2},"f":{"0":0,"1":0,"2":0,"3":0,"4":3},"b":{"0":[0],"1":[1]}}
,"C:\\Users\\luisf\\OneDrive\\Escritorio\\CASHTRACKR\\backend\\src\\middleware\\validation.ts": {"path":"C:\\Users\\luisf\\OneDrive\\Escritorio\\CASHTRACKR\\backend\\src\\middleware\\validation.ts","statementMap":{"0":{"start":{"line":2,"column":0},"end":{"line":2,"column":52}},"1":{"start":{"line":4,"column":33},"end":{"line":11,"column":1}},"2":{"start":{"line":5,"column":17},"end":{"line":5,"column":38}},"3":{"start":{"line":6,"column":4},"end":{"line":9,"column":5}},"4":{"start":{"line":7,"column":8},"end":{"line":7,"column":null}},"5":{"start":{"line":8,"column":8},"end":{"line":8,"column":14}},"6":{"start":{"line":10,"column":4},"end":{"line":10,"column":null}},"7":{"start":{"line":4,"column":13},"end":{"line":4,"column":33}}},"fnMap":{"0":{"name":"(anonymous_0)","decl":{"start":{"line":4,"column":33},"end":{"line":4,"column":34}},"loc":{"start":{"line":4,"column":85},"end":{"line":11,"column":1}}}},"branchMap":{"0":{"loc":{"start":{"line":6,"column":4},"end":{"line":9,"column":5}},"type":"if","locations":[{"start":{"line":6,"column":4},"end":{"line":9,"column":5}}]}},"s":{"0":1,"1":1,"2":25,"3":25,"4":8,"5":8,"6":17,"7":1},"f":{"0":25},"b":{"0":[8]}}
,"C:\\Users\\luisf\\OneDrive\\Escritorio\\CASHTRACKR\\backend\\src\\models\\Budget.ts": {"path":"C:\\Users\\luisf\\OneDrive\\Escritorio\\CASHTRACKR\\backend\\src\\models\\Budget.ts","statementMap":{"0":{"start":{"line":1,"column":0},"end":{"line":1,"column":112}},"1":{"start":{"line":2,"column":0},"end":{"line":2,"column":32}},"2":{"start":{"line":3,"column":0},"end":{"line":3,"column":26}},"3":{"start":{"line":9,"column":0},"end":{"line":33,"column":null}},"4":{"start":{"line":14,"column":12},"end":{"line":14,"column":null}},"5":{"start":{"line":20,"column":12},"end":{"line":20,"column":null}},"6":{"start":{"line":26,"column":12},"end":{"line":26,"column":null}},"7":{"start":{"line":22,"column":19},"end":{"line":22,"column":26}},"8":{"start":{"line":29,"column":12},"end":{"line":29,"column":null}},"9":{"start":{"line":28,"column":22},"end":{"line":28,"column":26}},"10":{"start":{"line":32,"column":12},"end":{"line":32,"column":null}},"11":{"start":{"line":31,"column":21},"end":{"line":31,"column":25}},"12":{"start":{"line":9,"column":6},"end":{"line":33,"column":null}},"13":{"start":{"line":35,"column":0},"end":{"line":35,"column":22}}},"fnMap":{"0":{"name":"(anonymous_3)","decl":{"start":{"line":22,"column":13},"end":{"line":22,"column":16}},"loc":{"start":{"line":22,"column":19},"end":{"line":22,"column":26}}},"1":{"name":"(anonymous_4)","decl":{"start":{"line":28,"column":16},"end":{"line":28,"column":19}},"loc":{"start":{"line":28,"column":22},"end":{"line":28,"column":26}}},"2":{"name":"(anonymous_5)","decl":{"start":{"line":31,"column":15},"end":{"line":31,"column":18}},"loc":{"start":{"line":31,"column":21},"end":{"line":31,"column":25}}}},"branchMap":{},"s":{"0":2,"1":2,"2":2,"3":2,"4":2,"5":2,"6":2,"7":3,"8":2,"9":2,"10":2,"11":3,"12":2,"13":2},"f":{"0":3,"1":2,"2":3},"b":{}}
,"C:\\Users\\luisf\\OneDrive\\Escritorio\\CASHTRACKR\\backend\\src\\models\\Expense.ts": {"path":"C:\\Users\\luisf\\OneDrive\\Escritorio\\CASHTRACKR\\backend\\src\\models\\Expense.ts","statementMap":{"0":{"start":{"line":1,"column":0},"end":{"line":1,"column":102}},"1":{"start":{"line":2,"column":0},"end":{"line":2,"column":30}},"2":{"start":{"line":7,"column":0},"end":{"line":25,"column":null}},"3":{"start":{"line":12,"column":12},"end":{"line":12,"column":null}},"4":{"start":{"line":18,"column":12},"end":{"line":18,"column":null}},"5":{"start":{"line":21,"column":12},"end":{"line":21,"column":null}},"6":{"start":{"line":20,"column":22},"end":{"line":20,"column":28}},"7":{"start":{"line":24,"column":12},"end":{"line":24,"column":null}},"8":{"start":{"line":23,"column":21},"end":{"line":23,"column":27}},"9":{"start":{"line":7,"column":6},"end":{"line":25,"column":null}},"10":{"start":{"line":27,"column":0},"end":{"line":27,"column":24}}},"fnMap":{"0":{"name":"(anonymous_3)","decl":{"start":{"line":20,"column":16},"end":{"line":20,"column":19}},"loc":{"start":{"line":20,"column":22},"end":{"line":20,"column":28}}},"1":{"name":"(anonymous_4)","decl":{"start":{"line":23,"column":15},"end":{"line":23,"column":18}},"loc":{"start":{"line":23,"column":21},"end":{"line":23,"column":27}}}},"branchMap":{},"s":{"0":2,"1":2,"2":2,"3":2,"4":2,"5":2,"6":2,"7":2,"8":2,"9":2,"10":2},"f":{"0":2,"1":2},"b":{}}
,"C:\\Users\\luisf\\OneDrive\\Escritorio\\CASHTRACKR\\backend\\src\\models\\User.ts": {"path":"C:\\Users\\luisf\\OneDrive\\Escritorio\\CASHTRACKR\\backend\\src\\models\\User.ts","statementMap":{"0":{"start":{"line":1,"column":0},"end":{"line":1,"column":106}},"1":{"start":{"line":2,"column":0},"end":{"line":2,"column":29}},"2":{"start":{"line":8,"column":0},"end":{"line":45,"column":null}},"3":{"start":{"line":13,"column":12},"end":{"line":13,"column":null}},"4":{"start":{"line":19,"column":12},"end":{"line":19,"column":null}},"5":{"start":{"line":26,"column":12},"end":{"line":26,"column":null}},"6":{"start":{"line":31,"column":12},"end":{"line":31,"column":null}},"7":{"start":{"line":37,"column":12},"end":{"line":37,"column":null}},"8":{"start":{"line":43,"column":12},"end":{"line":43,"column":null}},"9":{"start":{"line":39,"column":19},"end":{"line":39,"column":25}},"10":{"start":{"line":8,"column":6},"end":{"line":45,"column":null}},"11":{"start":{"line":47,"column":0},"end":{"line":47,"column":null}}},"fnMap":{"0":{"name":"(anonymous_3)","decl":{"start":{"line":39,"column":13},"end":{"line":39,"column":16}},"loc":{"start":{"line":39,"column":19},"end":{"line":39,"column":25}}}},"branchMap":{},"s":{"0":2,"1":2,"2":2,"3":2,"4":2,"5":2,"6":2,"7":2,"8":2,"9":2,"10":2,"11":2},"f":{"0":2},"b":{}}
,"C:\\Users\\luisf\\OneDrive\\Escritorio\\CASHTRACKR\\backend\\src\\routes\\authRouter.ts": {"path":"C:\\Users\\luisf\\OneDrive\\Escritorio\\CASHTRACKR\\backend\\src\\routes\\authRouter.ts","statementMap":{"0":{"start":{"line":1,"column":0},"end":{"line":1,"column":33}},"1":{"start":{"line":2,"column":0},"end":{"line":2,"column":63}},"2":{"start":{"line":3,"column":0},"end":{"line":3,"column":48}},"3":{"start":{"line":4,"column":0},"end":{"line":4,"column":61}},"4":{"start":{"line":5,"column":0},"end":{"line":5,"column":44}},"5":{"start":{"line":6,"column":0},"end":{"line":6,"column":49}},"6":{"start":{"line":8,"column":15},"end":{"line":8,"column":23}},"7":{"start":{"line":9,"column":0},"end":{"line":9,"column":20}},"8":{"start":{"line":11,"column":0},"end":{"line":17,"column":2}},"9":{"start":{"line":19,"column":0},"end":{"line":25,"column":null}},"10":{"start":{"line":27,"column":0},"end":{"line":34,"column":null}},"11":{"start":{"line":36,"column":0},"end":{"line":42,"column":2}},"12":{"start":{"line":44,"column":0},"end":{"line":51,"column":null}},"13":{"start":{"line":53,"column":0},"end":{"line":64,"column":null}},"14":{"start":{"line":66,"column":0},"end":{"line":66,"column":54}},"15":{"start":{"line":68,"column":0},"end":{"line":79,"column":null}},"16":{"start":{"line":81,"column":0},"end":{"line":88,"column":null}},"17":{"start":{"line":90,"column":0},"end":{"line":90,"column":22}}},"fnMap":{},"branchMap":{},"s":{"0":1,"1":1,"2":1,"3":1,"4":1,"5":1,"6":1,"7":1,"8":1,"9":1,"10":1,"11":1,"12":1,"13":1,"14":1,"15":1,"16":1,"17":1},"f":{},"b":{}}
,"C:\\Users\\luisf\\OneDrive\\Escritorio\\CASHTRACKR\\backend\\src\\routes\\budgetRouter.ts": {"path":"C:\\Users\\luisf\\OneDrive\\Escritorio\\CASHTRACKR\\backend\\src\\routes\\budgetRouter.ts","statementMap":{"0":{"start":{"line":1,"column":0},"end":{"line":1,"column":33}},"1":{"start":{"line":2,"column":0},"end":{"line":2,"column":67}},"2":{"start":{"line":3,"column":0},"end":{"line":3,"column":61}},"3":{"start":{"line":4,"column":0},"end":{"line":4,"column":110}},"4":{"start":{"line":5,"column":0},"end":{"line":5,"column":70}},"5":{"start":{"line":6,"column":0},"end":{"line":6,"column":104}},"6":{"start":{"line":7,"column":0},"end":{"line":7,"column":49}},"7":{"start":{"line":8,"column":15},"end":{"line":8,"column":23}},"8":{"start":{"line":10,"column":0},"end":{"line":10,"column":24}},"9":{"start":{"line":12,"column":0},"end":{"line":12,"column":42}},"10":{"start":{"line":13,"column":0},"end":{"line":13,"column":46}},"11":{"start":{"line":15,"column":0},"end":{"line":15,"column":34}},"12":{"start":{"line":17,"column":0},"end":{"line":17,"column":44}},"13":{"start":{"line":18,"column":0},"end":{"line":18,"column":48}},"14":{"start":{"line":20,"column":0},"end":{"line":20,"column":41}},"15":{"start":{"line":22,"column":0},"end":{"line":26,"column":2}},"16":{"start":{"line":28,"column":0},"end":{"line":28,"column":50}},"17":{"start":{"line":30,"column":0},"end":{"line":34,"column":2}},"18":{"start":{"line":36,"column":0},"end":{"line":36,"column":56}},"19":{"start":{"line":39,"column":0},"end":{"line":43,"column":2}},"20":{"start":{"line":44,"column":0},"end":{"line":44,"column":72}},"21":{"start":{"line":45,"column":0},"end":{"line":49,"column":2}},"22":{"start":{"line":50,"column":0},"end":{"line":50,"column":78}},"23":{"start":{"line":52,"column":0},"end":{"line":52,"column":22}}},"fnMap":{},"branchMap":{},"s":{"0":1,"1":1,"2":1,"3":1,"4":1,"5":1,"6":1,"7":1,"8":1,"9":1,"10":1,"11":1,"12":1,"13":1,"14":1,"15":1,"16":1,"17":1,"18":1,"19":1,"20":1,"21":1,"22":1,"23":1},"f":{},"b":{}}
,"C:\\Users\\luisf\\OneDrive\\Escritorio\\CASHTRACKR\\backend\\src\\tests\\mocks\\Budget.ts": {"path":"C:\\Users\\luisf\\OneDrive\\Escritorio\\CASHTRACKR\\backend\\src\\tests\\mocks\\Budget.ts","statementMap":{"0":{"start":{"line":1,"column":13},"end":{"line":71,"column":2}}},"fnMap":{},"branchMap":{},"s":{"0":3},"f":{},"b":{}}
,"C:\\Users\\luisf\\OneDrive\\Escritorio\\CASHTRACKR\\backend\\src\\tests\\mocks\\expenses.ts": {"path":"C:\\Users\\luisf\\OneDrive\\Escritorio\\CASHTRACKR\\backend\\src\\tests\\mocks\\expenses.ts","statementMap":{"0":{"start":{"line":1,"column":13},"end":{"line":26,"column":null}}},"fnMap":{},"branchMap":{},"s":{"0":1},"f":{},"b":{}}
,"C:\\Users\\luisf\\OneDrive\\Escritorio\\CASHTRACKR\\backend\\src\\utils\\auth.ts": {"path":"C:\\Users\\luisf\\OneDrive\\Escritorio\\CASHTRACKR\\backend\\src\\utils\\auth.ts","statementMap":{"0":{"start":{"line":1,"column":0},"end":{"line":1,"column":27}},"1":{"start":{"line":3,"column":28},"end":{"line":6,"column":1}},"2":{"start":{"line":4,"column":17},"end":{"line":4,"column":41}},"3":{"start":{"line":5,"column":4},"end":{"line":5,"column":44}},"4":{"start":{"line":3,"column":13},"end":{"line":3,"column":28}},"5":{"start":{"line":8,"column":31},"end":{"line":10,"column":1}},"6":{"start":{"line":9,"column":4},"end":{"line":9,"column":48}},"7":{"start":{"line":8,"column":13},"end":{"line":8,"column":31}}},"fnMap":{"0":{"name":"(anonymous_1)","decl":{"start":{"line":3,"column":28},"end":{"line":3,"column":33}},"loc":{"start":{"line":3,"column":55},"end":{"line":6,"column":1}}},"1":{"name":"(anonymous_2)","decl":{"start":{"line":8,"column":31},"end":{"line":8,"column":36}},"loc":{"start":{"line":8,"column":72},"end":{"line":10,"column":1}}}},"branchMap":{},"s":{"0":1,"1":1,"2":1,"3":1,"4":1,"5":1,"6":4,"7":1},"f":{"0":1,"1":4},"b":{}}
,"C:\\Users\\luisf\\OneDrive\\Escritorio\\CASHTRACKR\\backend\\src\\utils\\jwt.ts": {"path":"C:\\Users\\luisf\\OneDrive\\Escritorio\\CASHTRACKR\\backend\\src\\utils\\jwt.ts","statementMap":{"0":{"start":{"line":1,"column":0},"end":{"line":1,"column":31}},"1":{"start":{"line":3,"column":27},"end":{"line":9,"column":1}},"2":{"start":{"line":4,"column":18},"end":{"line":6,"column":6}},"3":{"start":{"line":7,"column":4},"end":{"line":7,"column":null}},"4":{"start":{"line":3,"column":13},"end":{"line":3,"column":27}}},"fnMap":{"0":{"name":"(anonymous_1)","decl":{"start":{"line":3,"column":27},"end":{"line":3,"column":28}},"loc":{"start":{"line":3,"column":42},"end":{"line":9,"column":1}}}},"branchMap":{},"s":{"0":1,"1":1,"2":4,"3":4,"4":1},"f":{"0":4},"b":{}}
,"C:\\Users\\luisf\\OneDrive\\Escritorio\\CASHTRACKR\\backend\\src\\utils\\token.ts": {"path":"C:\\Users\\luisf\\OneDrive\\Escritorio\\CASHTRACKR\\backend\\src\\utils\\token.ts","statementMap":{"0":{"start":{"line":1,"column":29},"end":{"line":1,"column":84}},"1":{"start":{"line":1,"column":35},"end":{"line":1,"column":84}},"2":{"start":{"line":1,"column":13},"end":{"line":1,"column":29}}},"fnMap":{"0":{"name":"(anonymous_0)","decl":{"start":{"line":1,"column":29},"end":{"line":1,"column":32}},"loc":{"start":{"line":1,"column":35},"end":{"line":1,"column":84}}}},"branchMap":{},"s":{"0":1,"1":1,"2":1},"f":{"0":1},"b":{}}
}
