{"C:\\Users\\luisf\\OneDrive\\Escritorio\\CASHTRACKR\\backend\\src\\controllers\\AuthController.ts": {"path":"C:\\Users\\luisf\\OneDrive\\Escritorio\\CASHTRACKR\\backend\\src\\controllers\\AuthController.ts","statementMap":{"0":{"start":{"line":2,"column":0},"end":{"line":2,"column":34}},"1":{"start":{"line":3,"column":0},"end":{"line":3,"column":62}},"2":{"start":{"line":4,"column":0},"end":{"line":4,"column":47}},"3":{"start":{"line":5,"column":0},"end":{"line":5,"column":50}},"4":{"start":{"line":6,"column":0},"end":{"line":6,"column":43}},"5":{"start":{"line":8,"column":27},"end":{"line":37,"column":5}},"6":{"start":{"line":10,"column":36},"end":{"line":10,"column":44}},"7":{"start":{"line":13,"column":26},"end":{"line":13,"column":63}},"8":{"start":{"line":14,"column":8},"end":{"line":18,"column":9}},"9":{"start":{"line":15,"column":26},"end":{"line":15,"column":75}},"10":{"start":{"line":16,"column":12},"end":{"line":16,"column":null}},"11":{"start":{"line":17,"column":12},"end":{"line":17,"column":18}},"12":{"start":{"line":20,"column":8},"end":{"line":36,"column":9}},"13":{"start":{"line":22,"column":25},"end":{"line":22,"column":52}},"14":{"start":{"line":23,"column":12},"end":{"line":23,"column":56}},"15":{"start":{"line":24,"column":12},"end":{"line":24,"column":41}},"16":{"start":{"line":25,"column":12},"end":{"line":25,"column":30}},"17":{"start":{"line":27,"column":12},"end":{"line":31,"column":null}},"18":{"start":{"line":33,"column":12},"end":{"line":33,"column":65}},"19":{"start":{"line":35,"column":12},"end":{"line":35,"column":null}},"20":{"start":{"line":39,"column":28},"end":{"line":64,"column":5}},"21":{"start":{"line":41,"column":8},"end":{"line":63,"column":9}},"22":{"start":{"line":43,"column":28},"end":{"line":43,"column":36}},"23":{"start":{"line":44,"column":25},"end":{"line":44,"column":64}},"24":{"start":{"line":46,"column":12},"end":{"line":46,"column":36}},"25":{"start":{"line":48,"column":12},"end":{"line":52,"column":13}},"26":{"start":{"line":49,"column":30},"end":{"line":49,"column":58}},"27":{"start":{"line":50,"column":16},"end":{"line":50,"column":null}},"28":{"start":{"line":51,"column":16},"end":{"line":51,"column":22}},"29":{"start":{"line":54,"column":12},"end":{"line":54,"column":34}},"30":{"start":{"line":55,"column":12},"end":{"line":55,"column":30}},"31":{"start":{"line":56,"column":12},"end":{"line":56,"column":30}},"32":{"start":{"line":57,"column":12},"end":{"line":57,"column":29}},"33":{"start":{"line":60,"column":12},"end":{"line":60,"column":27}},"34":{"start":{"line":61,"column":26},"end":{"line":61,"column":67}},"35":{"start":{"line":62,"column":12},"end":{"line":62,"column":null}},"36":{"start":{"line":66,"column":19},"end":{"line":97,"column":5}},"37":{"start":{"line":67,"column":8},"end":{"line":96,"column":9}},"38":{"start":{"line":68,"column":38},"end":{"line":68,"column":46}},"39":{"start":{"line":69,"column":25},"end":{"line":69,"column":61}},"40":{"start":{"line":71,"column":12},"end":{"line":75,"column":13}},"41":{"start":{"line":72,"column":30},"end":{"line":72,"column":64}},"42":{"start":{"line":73,"column":16},"end":{"line":73,"column":null}},"43":{"start":{"line":74,"column":16},"end":{"line":74,"column":22}},"44":{"start":{"line":77,"column":12},"end":{"line":81,"column":13}},"45":{"start":{"line":78,"column":30},"end":{"line":78,"column":74}},"46":{"start":{"line":79,"column":16},"end":{"line":79,"column":null}},"47":{"start":{"line":80,"column":16},"end":{"line":80,"column":22}},"48":{"start":{"line":83,"column":38},"end":{"line":83,"column":84}},"49":{"start":{"line":85,"column":12},"end":{"line":89,"column":13}},"50":{"start":{"line":86,"column":30},"end":{"line":86,"column":64}},"51":{"start":{"line":87,"column":16},"end":{"line":87,"column":null}},"52":{"start":{"line":88,"column":16},"end":{"line":88,"column":22}},"53":{"start":{"line":90,"column":26},"end":{"line":90,"column":46}},"54":{"start":{"line":92,"column":12},"end":{"line":92,"column":28}},"55":{"start":{"line":94,"column":12},"end":{"line":94,"column":31}},"56":{"start":{"line":95,"column":12},"end":{"line":95,"column":null}},"57":{"start":{"line":99,"column":28},"end":{"line":124,"column":5}},"58":{"start":{"line":100,"column":8},"end":{"line":123,"column":9}},"59":{"start":{"line":101,"column":28},"end":{"line":101,"column":36}},"60":{"start":{"line":102,"column":25},"end":{"line":102,"column":61}},"61":{"start":{"line":103,"column":12},"end":{"line":107,"column":13}},"62":{"start":{"line":104,"column":30},"end":{"line":104,"column":64}},"63":{"start":{"line":105,"column":16},"end":{"line":105,"column":null}},"64":{"start":{"line":106,"column":16},"end":{"line":106,"column":22}},"65":{"start":{"line":109,"column":12},"end":{"line":109,"column":41}},"66":{"start":{"line":110,"column":12},"end":{"line":110,"column":30}},"67":{"start":{"line":112,"column":12},"end":{"line":116,"column":15}},"68":{"start":{"line":118,"column":12},"end":{"line":118,"column":110}},"69":{"start":{"line":120,"column":12},"end":{"line":120,"column":27}},"70":{"start":{"line":121,"column":26},"end":{"line":121,"column":98}},"71":{"start":{"line":122,"column":12},"end":{"line":122,"column":null}},"72":{"start":{"line":126,"column":27},"end":{"line":144,"column":5}},"73":{"start":{"line":127,"column":8},"end":{"line":143,"column":9}},"74":{"start":{"line":128,"column":28},"end":{"line":128,"column":36}},"75":{"start":{"line":129,"column":31},"end":{"line":129,"column":67}},"76":{"start":{"line":131,"column":12},"end":{"line":135,"column":13}},"77":{"start":{"line":132,"column":30},"end":{"line":132,"column":62}},"78":{"start":{"line":133,"column":16},"end":{"line":133,"column":null}},"79":{"start":{"line":134,"column":16},"end":{"line":134,"column":23}},"80":{"start":{"line":137,"column":12},"end":{"line":137,"column":70}},"81":{"start":{"line":140,"column":12},"end":{"line":140,"column":27}},"82":{"start":{"line":141,"column":26},"end":{"line":141,"column":64}},"83":{"start":{"line":142,"column":12},"end":{"line":142,"column":null}},"84":{"start":{"line":146,"column":36},"end":{"line":167,"column":5}},"85":{"start":{"line":147,"column":24},"end":{"line":147,"column":34}},"86":{"start":{"line":148,"column":27},"end":{"line":148,"column":35}},"87":{"start":{"line":149,"column":8},"end":{"line":166,"column":9}},"88":{"start":{"line":150,"column":25},"end":{"line":150,"column":61}},"89":{"start":{"line":151,"column":12},"end":{"line":155,"column":13}},"90":{"start":{"line":152,"column":30},"end":{"line":152,"column":64}},"91":{"start":{"line":153,"column":16},"end":{"line":153,"column":null}},"92":{"start":{"line":154,"column":16},"end":{"line":154,"column":22}},"93":{"start":{"line":157,"column":12},"end":{"line":157,"column":57}},"94":{"start":{"line":158,"column":12},"end":{"line":158,"column":28}},"95":{"start":{"line":159,"column":12},"end":{"line":159,"column":30}},"96":{"start":{"line":160,"column":12},"end":{"line":160,"column":87}},"97":{"start":{"line":163,"column":12},"end":{"line":163,"column":27}},"98":{"start":{"line":164,"column":26},"end":{"line":164,"column":73}},"99":{"start":{"line":165,"column":12},"end":{"line":165,"column":null}},"100":{"start":{"line":169,"column":18},"end":{"line":171,"column":5}},"101":{"start":{"line":170,"column":8},"end":{"line":170,"column":27}},"102":{"start":{"line":173,"column":39},"end":{"line":189,"column":5}},"103":{"start":{"line":174,"column":45},"end":{"line":174,"column":53}},"104":{"start":{"line":175,"column":21},"end":{"line":175,"column":29}},"105":{"start":{"line":176,"column":21},"end":{"line":176,"column":44}},"106":{"start":{"line":178,"column":34},"end":{"line":178,"column":88}},"107":{"start":{"line":180,"column":8},"end":{"line":184,"column":9}},"108":{"start":{"line":181,"column":26},"end":{"line":181,"column":60}},"109":{"start":{"line":182,"column":12},"end":{"line":182,"column":null}},"110":{"start":{"line":183,"column":12},"end":{"line":183,"column":18}},"111":{"start":{"line":186,"column":8},"end":{"line":186,"column":53}},"112":{"start":{"line":187,"column":8},"end":{"line":187,"column":26}},"113":{"start":{"line":188,"column":8},"end":{"line":188,"column":57}},"114":{"start":{"line":191,"column":27},"end":{"line":205,"column":5}},"115":{"start":{"line":192,"column":29},"end":{"line":192,"column":37}},"116":{"start":{"line":193,"column":21},"end":{"line":193,"column":29}},"117":{"start":{"line":194,"column":21},"end":{"line":194,"column":44}},"118":{"start":{"line":196,"column":34},"end":{"line":196,"column":80}},"119":{"start":{"line":198,"column":8},"end":{"line":202,"column":9}},"120":{"start":{"line":199,"column":26},"end":{"line":199,"column":100}},"121":{"start":{"line":200,"column":12},"end":{"line":200,"column":null}},"122":{"start":{"line":201,"column":12},"end":{"line":201,"column":18}},"123":{"start":{"line":204,"column":8},"end":{"line":204,"column":40}},"124":{"start":{"line":7,"column":0},"end":{"line":7,"column":13}}},"fnMap":{"0":{"name":"(anonymous_1)","decl":{"start":{"line":8,"column":27},"end":{"line":8,"column":32}},"loc":{"start":{"line":8,"column":62},"end":{"line":37,"column":5}}},"1":{"name":"(anonymous_2)","decl":{"start":{"line":39,"column":28},"end":{"line":39,"column":33}},"loc":{"start":{"line":39,"column":63},"end":{"line":64,"column":5}}},"2":{"name":"(anonymous_3)","decl":{"start":{"line":66,"column":19},"end":{"line":66,"column":24}},"loc":{"start":{"line":66,"column":55},"end":{"line":97,"column":5}}},"3":{"name":"(anonymous_4)","decl":{"start":{"line":99,"column":28},"end":{"line":99,"column":33}},"loc":{"start":{"line":99,"column":66},"end":{"line":124,"column":5}}},"4":{"name":"(anonymous_5)","decl":{"start":{"line":126,"column":27},"end":{"line":126,"column":32}},"loc":{"start":{"line":126,"column":65},"end":{"line":144,"column":5}}},"5":{"name":"(anonymous_6)","decl":{"start":{"line":146,"column":36},"end":{"line":146,"column":41}},"loc":{"start":{"line":146,"column":72},"end":{"line":167,"column":5}}},"6":{"name":"(anonymous_7)","decl":{"start":{"line":169,"column":18},"end":{"line":169,"column":19}},"loc":{"start":{"line":169,"column":48},"end":{"line":171,"column":5}}},"7":{"name":"(anonymous_8)","decl":{"start":{"line":173,"column":39},"end":{"line":173,"column":44}},"loc":{"start":{"line":173,"column":75},"end":{"line":189,"column":5}}},"8":{"name":"(anonymous_9)","decl":{"start":{"line":191,"column":27},"end":{"line":191,"column":32}},"loc":{"start":{"line":191,"column":63},"end":{"line":205,"column":5}}}},"branchMap":{"0":{"loc":{"start":{"line":14,"column":8},"end":{"line":18,"column":9}},"type":"if","locations":[{"start":{"line":14,"column":8},"end":{"line":18,"column":9}}]},"1":{"loc":{"start":{"line":48,"column":12},"end":{"line":52,"column":13}},"type":"if","locations":[{"start":{"line":48,"column":12},"end":{"line":52,"column":13}}]},"2":{"loc":{"start":{"line":71,"column":12},"end":{"line":75,"column":13}},"type":"if","locations":[{"start":{"line":71,"column":12},"end":{"line":75,"column":13}}]},"3":{"loc":{"start":{"line":77,"column":12},"end":{"line":81,"column":13}},"type":"if","locations":[{"start":{"line":77,"column":12},"end":{"line":81,"column":13}}]},"4":{"loc":{"start":{"line":85,"column":12},"end":{"line":89,"column":13}},"type":"if","locations":[{"start":{"line":85,"column":12},"end":{"line":89,"column":13}}]},"5":{"loc":{"start":{"line":103,"column":12},"end":{"line":107,"column":13}},"type":"if","locations":[{"start":{"line":103,"column":12},"end":{"line":107,"column":13}}]},"6":{"loc":{"start":{"line":131,"column":12},"end":{"line":135,"column":13}},"type":"if","locations":[{"start":{"line":131,"column":12},"end":{"line":135,"column":13}}]},"7":{"loc":{"start":{"line":151,"column":12},"end":{"line":155,"column":13}},"type":"if","locations":[{"start":{"line":151,"column":12},"end":{"line":155,"column":13}}]},"8":{"loc":{"start":{"line":180,"column":8},"end":{"line":184,"column":9}},"type":"if","locations":[{"start":{"line":180,"column":8},"end":{"line":184,"column":9}}]},"9":{"loc":{"start":{"line":198,"column":8},"end":{"line":202,"column":9}},"type":"if","locations":[{"start":{"line":198,"column":8},"end":{"line":202,"column":9}}]}},"s":{"0":1,"1":1,"2":1,"3":1,"4":1,"5":1,"6":2,"7":2,"8":2,"9":1,"10":1,"11":1,"12":1,"13":1,"14":1,"15":1,"16":1,"17":1,"18":1,"19":0,"20":1,"21":0,"22":0,"23":0,"24":0,"25":0,"26":0,"27":0,"28":0,"29":0,"30":0,"31":0,"32":0,"33":0,"34":0,"35":0,"36":1,"37":4,"38":4,"39":4,"40":4,"41":1,"42":1,"43":1,"44":3,"45":1,"46":1,"47":1,"48":2,"49":2,"50":1,"51":1,"52":1,"53":1,"54":1,"55":0,"56":0,"57":1,"58":0,"59":0,"60":0,"61":0,"62":0,"63":0,"64":0,"65":0,"66":0,"67":0,"68":0,"69":0,"70":0,"71":0,"72":1,"73":0,"74":0,"75":0,"76":0,"77":0,"78":0,"79":0,"80":0,"81":0,"82":0,"83":0,"84":1,"85":0,"86":0,"87":0,"88":0,"89":0,"90":0,"91":0,"92":0,"93":0,"94":0,"95":0,"96":0,"97":0,"98":0,"99":0,"100":1,"101":0,"102":1,"103":0,"104":0,"105":0,"106":0,"107":0,"108":0,"109":0,"110":0,"111":0,"112":0,"113":0,"114":1,"115":0,"116":0,"117":0,"118":0,"119":0,"120":0,"121":0,"122":0,"123":0,"124":1},"f":{"0":2,"1":0,"2":4,"3":0,"4":0,"5":0,"6":0,"7":0,"8":0},"b":{"0":[1],"1":[0],"2":[1],"3":[1],"4":[1],"5":[0],"6":[0],"7":[0],"8":[0],"9":[0]}}
,"C:\\Users\\luisf\\OneDrive\\Escritorio\\CASHTRACKR\\backend\\src\\controllers\\BudgetController.ts": {"path":"C:\\Users\\luisf\\OneDrive\\Escritorio\\CASHTRACKR\\backend\\src\\controllers\\BudgetController.ts","statementMap":{"0":{"start":{"line":2,"column":0},"end":{"line":2,"column":38}},"1":{"start":{"line":3,"column":0},"end":{"line":3,"column":40}},"2":{"start":{"line":6,"column":20},"end":{"line":20,"column":5}},"3":{"start":{"line":7,"column":8},"end":{"line":19,"column":9}},"4":{"start":{"line":8,"column":28},"end":{"line":15,"column":14}},"5":{"start":{"line":16,"column":12},"end":{"line":16,"column":42}},"6":{"start":{"line":18,"column":12},"end":{"line":18,"column":86}},"7":{"start":{"line":22,"column":20},"end":{"line":32,"column":5}},"8":{"start":{"line":23,"column":8},"end":{"line":31,"column":9}},"9":{"start":{"line":24,"column":27},"end":{"line":24,"column":56}},"10":{"start":{"line":25,"column":12},"end":{"line":25,"column":40}},"11":{"start":{"line":26,"column":12},"end":{"line":26,"column":32}},"12":{"start":{"line":27,"column":12},"end":{"line":27,"column":69}},"13":{"start":{"line":30,"column":12},"end":{"line":30,"column":84}},"14":{"start":{"line":34,"column":21},"end":{"line":39,"column":5}},"15":{"start":{"line":35,"column":23},"end":{"line":37,"column":10}},"16":{"start":{"line":38,"column":8},"end":{"line":38,"column":37}},"17":{"start":{"line":41,"column":24},"end":{"line":44,"column":5}},"18":{"start":{"line":42,"column":8},"end":{"line":42,"column":42}},"19":{"start":{"line":43,"column":8},"end":{"line":43,"column":70}},"20":{"start":{"line":46,"column":24},"end":{"line":49,"column":5}},"21":{"start":{"line":47,"column":8},"end":{"line":47,"column":35}},"22":{"start":{"line":48,"column":8},"end":{"line":48,"column":68}},"23":{"start":{"line":5,"column":0},"end":{"line":5,"column":13}}},"fnMap":{"0":{"name":"(anonymous_1)","decl":{"start":{"line":6,"column":20},"end":{"line":6,"column":25}},"loc":{"start":{"line":6,"column":56},"end":{"line":20,"column":5}}},"1":{"name":"(anonymous_2)","decl":{"start":{"line":22,"column":20},"end":{"line":22,"column":25}},"loc":{"start":{"line":22,"column":56},"end":{"line":32,"column":5}}},"2":{"name":"(anonymous_3)","decl":{"start":{"line":34,"column":21},"end":{"line":34,"column":26}},"loc":{"start":{"line":34,"column":57},"end":{"line":39,"column":5}}},"3":{"name":"(anonymous_4)","decl":{"start":{"line":41,"column":24},"end":{"line":41,"column":29}},"loc":{"start":{"line":41,"column":60},"end":{"line":44,"column":5}}},"4":{"name":"(anonymous_5)","decl":{"start":{"line":46,"column":24},"end":{"line":46,"column":29}},"loc":{"start":{"line":46,"column":60},"end":{"line":49,"column":5}}}},"branchMap":{},"s":{"0":1,"1":1,"2":1,"3":4,"4":4,"5":3,"6":1,"7":1,"8":2,"9":2,"10":1,"11":1,"12":1,"13":1,"14":1,"15":3,"16":3,"17":1,"18":1,"19":1,"20":1,"21":1,"22":1,"23":1},"f":{"0":4,"1":2,"2":3,"3":1,"4":1},"b":{}}
,"C:\\Users\\luisf\\OneDrive\\Escritorio\\CASHTRACKR\\backend\\src\\middleware\\budget.ts": {"path":"C:\\Users\\luisf\\OneDrive\\Escritorio\\CASHTRACKR\\backend\\src\\middleware\\budget.ts","statementMap":{"0":{"start":{"line":64,"column":0},"end":{"line":64,"column":16}},"1":{"start":{"line":2,"column":0},"end":{"line":2,"column":66}},"2":{"start":{"line":3,"column":0},"end":{"line":3,"column":38}},"3":{"start":{"line":13,"column":32},"end":{"line":22,"column":1}},"4":{"start":{"line":14,"column":4},"end":{"line":14,"column":132}},"5":{"start":{"line":14,"column":82},"end":{"line":14,"column":88}},"6":{"start":{"line":16,"column":17},"end":{"line":16,"column":38}},"7":{"start":{"line":17,"column":4},"end":{"line":20,"column":5}},"8":{"start":{"line":18,"column":8},"end":{"line":18,"column":null}},"9":{"start":{"line":19,"column":8},"end":{"line":19,"column":14}},"10":{"start":{"line":21,"column":4},"end":{"line":21,"column":11}},"11":{"start":{"line":13,"column":13},"end":{"line":13,"column":32}},"12":{"start":{"line":24,"column":36},"end":{"line":42,"column":1}},"13":{"start":{"line":25,"column":4},"end":{"line":41,"column":5}},"14":{"start":{"line":26,"column":27},"end":{"line":26,"column":37}},"15":{"start":{"line":27,"column":23},"end":{"line":27,"column":54}},"16":{"start":{"line":29,"column":8},"end":{"line":32,"column":9}},"17":{"start":{"line":30,"column":12},"end":{"line":30,"column":102}},"18":{"start":{"line":31,"column":12},"end":{"line":31,"column":19}},"19":{"start":{"line":34,"column":8},"end":{"line":34,"column":28}},"20":{"start":{"line":36,"column":8},"end":{"line":36,"column":15}},"21":{"start":{"line":39,"column":22},"end":{"line":39,"column":74}},"22":{"start":{"line":40,"column":8},"end":{"line":40,"column":54}},"23":{"start":{"line":24,"column":13},"end":{"line":24,"column":36}},"24":{"start":{"line":44,"column":36},"end":{"line":62,"column":1}},"25":{"start":{"line":45,"column":4},"end":{"line":61,"column":5}},"26":{"start":{"line":46,"column":8},"end":{"line":48,"column":81}},"27":{"start":{"line":50,"column":8},"end":{"line":54,"column":113}},"28":{"start":{"line":54,"column":30},"end":{"line":54,"column":40}},"29":{"start":{"line":56,"column":12},"end":{"line":56,"column":19}},"30":{"start":{"line":59,"column":22},"end":{"line":59,"column":74}},"31":{"start":{"line":60,"column":8},"end":{"line":60,"column":54}},"32":{"start":{"line":44,"column":13},"end":{"line":44,"column":36}},"33":{"start":{"line":65,"column":4},"end":{"line":69,"column":5}},"34":{"start":{"line":66,"column":22},"end":{"line":66,"column":51}},"35":{"start":{"line":67,"column":8},"end":{"line":67,"column":54}},"36":{"start":{"line":68,"column":8},"end":{"line":68,"column":15}},"37":{"start":{"line":70,"column":4},"end":{"line":70,"column":11}}},"fnMap":{"0":{"name":"(anonymous_1)","decl":{"start":{"line":13,"column":32},"end":{"line":13,"column":37}},"loc":{"start":{"line":13,"column":87},"end":{"line":22,"column":1}}},"1":{"name":"(anonymous_2)","decl":{"start":{"line":14,"column":76},"end":{"line":14,"column":78}},"loc":{"start":{"line":14,"column":82},"end":{"line":14,"column":88}}},"2":{"name":"(anonymous_3)","decl":{"start":{"line":24,"column":36},"end":{"line":24,"column":41}},"loc":{"start":{"line":24,"column":91},"end":{"line":42,"column":1}}},"3":{"name":"(anonymous_4)","decl":{"start":{"line":44,"column":36},"end":{"line":44,"column":41}},"loc":{"start":{"line":44,"column":91},"end":{"line":62,"column":1}}},"4":{"name":"(anonymous_5)","decl":{"start":{"line":54,"column":20},"end":{"line":54,"column":26}},"loc":{"start":{"line":54,"column":30},"end":{"line":54,"column":40}}},"5":{"name":"hasAcces","decl":{"start":{"line":64,"column":16},"end":{"line":64,"column":24}},"loc":{"start":{"line":64,"column":70},"end":{"line":72,"column":1}}}},"branchMap":{"0":{"loc":{"start":{"line":17,"column":4},"end":{"line":20,"column":5}},"type":"if","locations":[{"start":{"line":17,"column":4},"end":{"line":20,"column":5}}]},"1":{"loc":{"start":{"line":29,"column":8},"end":{"line":32,"column":9}},"type":"if","locations":[{"start":{"line":29,"column":8},"end":{"line":32,"column":9}}]},"2":{"loc":{"start":{"line":65,"column":4},"end":{"line":69,"column":5}},"type":"if","locations":[{"start":{"line":65,"column":4},"end":{"line":69,"column":5}}]}},"s":{"0":2,"1":2,"2":2,"3":2,"4":0,"5":0,"6":0,"7":0,"8":0,"9":0,"10":0,"11":2,"12":2,"13":3,"14":3,"15":3,"16":2,"17":1,"18":1,"19":1,"20":1,"21":1,"22":1,"23":2,"24":2,"25":0,"26":0,"27":0,"28":0,"29":0,"30":0,"31":0,"32":2,"33":3,"34":2,"35":2,"36":2,"37":1},"f":{"0":0,"1":0,"2":3,"3":0,"4":0,"5":3},"b":{"0":[0],"1":[1],"2":[2]}}
,"C:\\Users\\luisf\\OneDrive\\Escritorio\\CASHTRACKR\\backend\\src\\middleware\\expense.ts": {"path":"C:\\Users\\luisf\\OneDrive\\Escritorio\\CASHTRACKR\\backend\\src\\middleware\\expense.ts","statementMap":{"0":{"start":{"line":2,"column":0},"end":{"line":2,"column":66}},"1":{"start":{"line":3,"column":0},"end":{"line":3,"column":40}},"2":{"start":{"line":13,"column":37},"end":{"line":25,"column":1}},"3":{"start":{"line":14,"column":4},"end":{"line":16,"column":71}},"4":{"start":{"line":18,"column":4},"end":{"line":22,"column":103}},"5":{"start":{"line":22,"column":26},"end":{"line":22,"column":36}},"6":{"start":{"line":24,"column":4},"end":{"line":24,"column":11}},"7":{"start":{"line":13,"column":13},"end":{"line":13,"column":37}},"8":{"start":{"line":27,"column":33},"end":{"line":35,"column":1}},"9":{"start":{"line":28,"column":4},"end":{"line":28,"column":101}},"10":{"start":{"line":28,"column":50},"end":{"line":28,"column":56}},"11":{"start":{"line":29,"column":17},"end":{"line":29,"column":38}},"12":{"start":{"line":30,"column":4},"end":{"line":33,"column":5}},"13":{"start":{"line":31,"column":8},"end":{"line":31,"column":null}},"14":{"start":{"line":32,"column":8},"end":{"line":32,"column":14}},"15":{"start":{"line":34,"column":4},"end":{"line":34,"column":null}},"16":{"start":{"line":27,"column":13},"end":{"line":27,"column":33}},"17":{"start":{"line":37,"column":37},"end":{"line":55,"column":1}},"18":{"start":{"line":38,"column":4},"end":{"line":54,"column":5}},"19":{"start":{"line":39,"column":28},"end":{"line":39,"column":38}},"20":{"start":{"line":40,"column":24},"end":{"line":40,"column":57}},"21":{"start":{"line":42,"column":8},"end":{"line":45,"column":9}},"22":{"start":{"line":43,"column":26},"end":{"line":43,"column":90}},"23":{"start":{"line":44,"column":12},"end":{"line":44,"column":66}},"24":{"start":{"line":47,"column":8},"end":{"line":47,"column":30}},"25":{"start":{"line":49,"column":8},"end":{"line":49,"column":15}},"26":{"start":{"line":52,"column":22},"end":{"line":52,"column":86}},"27":{"start":{"line":53,"column":8},"end":{"line":53,"column":54}},"28":{"start":{"line":37,"column":13},"end":{"line":37,"column":37}}},"fnMap":{"0":{"name":"(anonymous_1)","decl":{"start":{"line":13,"column":37},"end":{"line":13,"column":42}},"loc":{"start":{"line":13,"column":92},"end":{"line":25,"column":1}}},"1":{"name":"(anonymous_2)","decl":{"start":{"line":22,"column":16},"end":{"line":22,"column":22}},"loc":{"start":{"line":22,"column":26},"end":{"line":22,"column":36}}},"2":{"name":"(anonymous_3)","decl":{"start":{"line":27,"column":33},"end":{"line":27,"column":38}},"loc":{"start":{"line":27,"column":88},"end":{"line":35,"column":1}}},"3":{"name":"(anonymous_4)","decl":{"start":{"line":28,"column":44},"end":{"line":28,"column":46}},"loc":{"start":{"line":28,"column":50},"end":{"line":28,"column":56}}},"4":{"name":"(anonymous_5)","decl":{"start":{"line":37,"column":37},"end":{"line":37,"column":42}},"loc":{"start":{"line":37,"column":92},"end":{"line":55,"column":1}}}},"branchMap":{"0":{"loc":{"start":{"line":30,"column":4},"end":{"line":33,"column":5}},"type":"if","locations":[{"start":{"line":30,"column":4},"end":{"line":33,"column":5}}]},"1":{"loc":{"start":{"line":42,"column":8},"end":{"line":45,"column":9}},"type":"if","locations":[{"start":{"line":42,"column":8},"end":{"line":45,"column":9}}]}},"s":{"0":1,"1":1,"2":1,"3":0,"4":0,"5":0,"6":0,"7":1,"8":1,"9":0,"10":0,"11":0,"12":0,"13":0,"14":0,"15":0,"16":1,"17":1,"18":3,"19":3,"20":3,"21":2,"22":1,"23":1,"24":1,"25":1,"26":1,"27":1,"28":1},"f":{"0":0,"1":0,"2":0,"3":0,"4":3},"b":{"0":[0],"1":[1]}}
,"C:\\Users\\luisf\\OneDrive\\Escritorio\\CASHTRACKR\\backend\\src\\models\\Budget.ts": {"path":"C:\\Users\\luisf\\OneDrive\\Escritorio\\CASHTRACKR\\backend\\src\\models\\Budget.ts","statementMap":{"0":{"start":{"line":1,"column":0},"end":{"line":1,"column":112}},"1":{"start":{"line":2,"column":0},"end":{"line":2,"column":32}},"2":{"start":{"line":3,"column":0},"end":{"line":3,"column":26}},"3":{"start":{"line":9,"column":0},"end":{"line":33,"column":null}},"4":{"start":{"line":14,"column":12},"end":{"line":14,"column":null}},"5":{"start":{"line":20,"column":12},"end":{"line":20,"column":null}},"6":{"start":{"line":26,"column":12},"end":{"line":26,"column":null}},"7":{"start":{"line":22,"column":19},"end":{"line":22,"column":26}},"8":{"start":{"line":29,"column":12},"end":{"line":29,"column":null}},"9":{"start":{"line":28,"column":22},"end":{"line":28,"column":26}},"10":{"start":{"line":32,"column":12},"end":{"line":32,"column":null}},"11":{"start":{"line":31,"column":21},"end":{"line":31,"column":25}},"12":{"start":{"line":9,"column":6},"end":{"line":33,"column":null}},"13":{"start":{"line":35,"column":0},"end":{"line":35,"column":22}}},"fnMap":{"0":{"name":"(anonymous_3)","decl":{"start":{"line":22,"column":13},"end":{"line":22,"column":16}},"loc":{"start":{"line":22,"column":19},"end":{"line":22,"column":26}}},"1":{"name":"(anonymous_4)","decl":{"start":{"line":28,"column":16},"end":{"line":28,"column":19}},"loc":{"start":{"line":28,"column":22},"end":{"line":28,"column":26}}},"2":{"name":"(anonymous_5)","decl":{"start":{"line":31,"column":15},"end":{"line":31,"column":18}},"loc":{"start":{"line":31,"column":21},"end":{"line":31,"column":25}}}},"branchMap":{},"s":{"0":1,"1":1,"2":1,"3":1,"4":1,"5":1,"6":1,"7":0,"8":1,"9":0,"10":1,"11":0,"12":1,"13":1},"f":{"0":0,"1":0,"2":0},"b":{}}
,"C:\\Users\\luisf\\OneDrive\\Escritorio\\CASHTRACKR\\backend\\src\\models\\Expense.ts": {"path":"C:\\Users\\luisf\\OneDrive\\Escritorio\\CASHTRACKR\\backend\\src\\models\\Expense.ts","statementMap":{"0":{"start":{"line":1,"column":0},"end":{"line":1,"column":102}},"1":{"start":{"line":2,"column":0},"end":{"line":2,"column":30}},"2":{"start":{"line":7,"column":0},"end":{"line":25,"column":null}},"3":{"start":{"line":12,"column":12},"end":{"line":12,"column":null}},"4":{"start":{"line":18,"column":12},"end":{"line":18,"column":null}},"5":{"start":{"line":21,"column":12},"end":{"line":21,"column":null}},"6":{"start":{"line":20,"column":22},"end":{"line":20,"column":28}},"7":{"start":{"line":24,"column":12},"end":{"line":24,"column":null}},"8":{"start":{"line":23,"column":21},"end":{"line":23,"column":27}},"9":{"start":{"line":7,"column":6},"end":{"line":25,"column":null}},"10":{"start":{"line":27,"column":0},"end":{"line":27,"column":24}}},"fnMap":{"0":{"name":"(anonymous_3)","decl":{"start":{"line":20,"column":16},"end":{"line":20,"column":19}},"loc":{"start":{"line":20,"column":22},"end":{"line":20,"column":28}}},"1":{"name":"(anonymous_4)","decl":{"start":{"line":23,"column":15},"end":{"line":23,"column":18}},"loc":{"start":{"line":23,"column":21},"end":{"line":23,"column":27}}}},"branchMap":{},"s":{"0":1,"1":1,"2":1,"3":1,"4":1,"5":1,"6":0,"7":1,"8":0,"9":1,"10":1},"f":{"0":0,"1":0},"b":{}}
,"C:\\Users\\luisf\\OneDrive\\Escritorio\\CASHTRACKR\\backend\\src\\models\\User.ts": {"path":"C:\\Users\\luisf\\OneDrive\\Escritorio\\CASHTRACKR\\backend\\src\\models\\User.ts","statementMap":{"0":{"start":{"line":1,"column":0},"end":{"line":1,"column":106}},"1":{"start":{"line":2,"column":0},"end":{"line":2,"column":29}},"2":{"start":{"line":8,"column":0},"end":{"line":45,"column":null}},"3":{"start":{"line":13,"column":12},"end":{"line":13,"column":null}},"4":{"start":{"line":19,"column":12},"end":{"line":19,"column":null}},"5":{"start":{"line":26,"column":12},"end":{"line":26,"column":null}},"6":{"start":{"line":31,"column":12},"end":{"line":31,"column":null}},"7":{"start":{"line":37,"column":12},"end":{"line":37,"column":null}},"8":{"start":{"line":43,"column":12},"end":{"line":43,"column":null}},"9":{"start":{"line":39,"column":19},"end":{"line":39,"column":25}},"10":{"start":{"line":8,"column":6},"end":{"line":45,"column":null}},"11":{"start":{"line":47,"column":0},"end":{"line":47,"column":null}}},"fnMap":{"0":{"name":"(anonymous_3)","decl":{"start":{"line":39,"column":13},"end":{"line":39,"column":16}},"loc":{"start":{"line":39,"column":19},"end":{"line":39,"column":25}}}},"branchMap":{},"s":{"0":1,"1":1,"2":1,"3":1,"4":1,"5":1,"6":1,"7":1,"8":1,"9":0,"10":1,"11":1},"f":{"0":0},"b":{}}
,"C:\\Users\\luisf\\OneDrive\\Escritorio\\CASHTRACKR\\backend\\src\\tests\\mocks\\Budget.ts": {"path":"C:\\Users\\luisf\\OneDrive\\Escritorio\\CASHTRACKR\\backend\\src\\tests\\mocks\\Budget.ts","statementMap":{"0":{"start":{"line":1,"column":13},"end":{"line":71,"column":2}}},"fnMap":{},"branchMap":{},"s":{"0":3},"f":{},"b":{}}
,"C:\\Users\\luisf\\OneDrive\\Escritorio\\CASHTRACKR\\backend\\src\\tests\\mocks\\expenses.ts": {"path":"C:\\Users\\luisf\\OneDrive\\Escritorio\\CASHTRACKR\\backend\\src\\tests\\mocks\\expenses.ts","statementMap":{"0":{"start":{"line":1,"column":13},"end":{"line":26,"column":null}}},"fnMap":{},"branchMap":{},"s":{"0":1},"f":{},"b":{}}
}
