TN:
SF:src\server.ts
FN:8,connectDB
FNF:1
FNH:1
FNDA:1,connectDB
DA:1,1
DA:3,1
DA:4,1
DA:5,1
DA:6,1
DA:8,1
DA:9,1
DA:10,1
DA:11,1
DA:18,1
DA:20,1
DA:22,1
DA:24,1
DA:26,1
DA:28,1
DA:30,1
LF:16
LH:16
BRF:0
BRH:0
end_of_record
TN:
SF:src\config\db.ts
FNF:0
FNH:0
DA:1,1
DA:2,1
DA:4,1
DA:6,1
LF:4
LH:4
BRF:0
BRH:0
end_of_record
TN:
SF:src\config\limiter.ts
FNF:0
FNH:0
DA:1,1
DA:3,1
LF:2
LH:2
BRDA:5,0,0,0
BRDA:5,0,1,1
BRF:2
BRH:1
end_of_record
TN:
SF:src\config\nodemailer.ts
FN:5,(anonymous_1)
FNF:1
FNH:1
FNDA:1,(anonymous_1)
DA:1,1
DA:2,1
DA:3,1
DA:5,1
DA:6,1
DA:17,1
LF:6
LH:6
BRF:0
BRH:0
end_of_record
TN:
SF:src\controllers\AuthController.ts
FN:8,(anonymous_1)
FN:49,(anonymous_2)
FN:74,(anonymous_3)
FN:107,(anonymous_4)
FN:134,(anonymous_5)
FN:154,(anonymous_6)
FN:177,(anonymous_7)
FN:181,(anonymous_8)
FN:199,(anonymous_9)
FNF:9
FNH:3
FNDA:5,(anonymous_1)
FNDA:3,(anonymous_2)
FNDA:14,(anonymous_3)
FNDA:0,(anonymous_4)
FNDA:0,(anonymous_5)
FNDA:0,(anonymous_6)
FNDA:0,(anonymous_7)
FNDA:0,(anonymous_8)
FNDA:0,(anonymous_9)
DA:2,2
DA:3,2
DA:4,2
DA:5,2
DA:6,2
DA:7,2
DA:8,2
DA:10,5
DA:13,5
DA:14,5
DA:15,3
DA:16,3
DA:17,3
DA:20,2
DA:22,2
DA:23,2
DA:24,2
DA:25,2
DA:27,2
DA:28,2
DA:31,2
DA:33,2
DA:39,2
DA:40,2
DA:42,0
DA:44,0
DA:45,0
DA:49,2
DA:51,3
DA:53,3
DA:54,3
DA:56,3
DA:57,2
DA:58,2
DA:59,2
DA:62,1
DA:63,1
DA:64,1
DA:65,1
DA:68,0
DA:69,0
DA:70,0
DA:74,2
DA:75,14
DA:76,14
DA:77,14
DA:79,14
DA:80,2
DA:81,2
DA:82,2
DA:85,12
DA:86,3
DA:87,3
DA:88,3
DA:91,9
DA:93,9
DA:94,2
DA:95,2
DA:96,2
DA:98,7
DA:100,7
DA:102,0
DA:103,0
DA:107,2
DA:108,0
DA:109,0
DA:110,0
DA:111,0
DA:112,0
DA:113,0
DA:114,0
DA:117,0
DA:118,0
DA:120,0
DA:126,0
DA:128,0
DA:129,0
DA:130,0
DA:134,2
DA:135,0
DA:136,0
DA:137,0
DA:139,0
DA:140,0
DA:141,0
DA:142,0
DA:145,0
DA:148,0
DA:149,0
DA:150,0
DA:154,2
DA:155,0
DA:156,0
DA:157,0
DA:158,0
DA:159,0
DA:160,0
DA:161,0
DA:162,0
DA:165,0
DA:166,0
DA:167,0
DA:168,0
DA:171,0
DA:172,0
DA:173,0
DA:177,2
DA:178,0
DA:181,2
DA:182,0
DA:183,0
DA:184,0
DA:186,0
DA:188,0
DA:189,0
DA:190,0
DA:191,0
DA:194,0
DA:195,0
DA:196,0
DA:199,2
DA:200,0
DA:201,0
DA:202,0
DA:204,0
DA:206,0
DA:207,0
DA:208,0
DA:209,0
DA:212,0
LF:130
LH:61
BRDA:14,0,0,3
BRDA:27,1,0,2
BRDA:56,2,0,2
BRDA:79,3,0,2
BRDA:85,4,0,3
BRDA:93,5,0,2
BRDA:111,6,0,0
BRDA:139,7,0,0
BRDA:159,8,0,0
BRDA:188,9,0,0
BRDA:206,10,0,0
BRF:11
BRH:6
end_of_record
TN:
SF:src\controllers\BudgetController.ts
FN:6,(anonymous_1)
FN:22,(anonymous_2)
FN:34,(anonymous_3)
FN:41,(anonymous_4)
FN:46,(anonymous_5)
FNF:5
FNH:5
FNDA:5,(anonymous_1)
FNDA:3,(anonymous_2)
FNDA:4,(anonymous_3)
FNDA:2,(anonymous_4)
FNDA:2,(anonymous_5)
DA:2,2
DA:3,2
DA:5,2
DA:6,2
DA:7,5
DA:8,5
DA:16,4
DA:18,1
DA:22,2
DA:23,3
DA:24,3
DA:25,2
DA:26,2
DA:27,2
DA:30,1
DA:34,2
DA:35,4
DA:38,4
DA:41,2
DA:42,2
DA:43,2
DA:46,2
DA:47,2
DA:48,2
LF:24
LH:24
BRF:0
BRH:0
end_of_record
TN:
SF:src\controllers\ExpenseController.ts
FN:6,(anonymous_1)
FN:18,(anonymous_2)
FN:23,(anonymous_3)
FN:28,(anonymous_4)
FNF:4
FNH:0
FNDA:0,(anonymous_1)
FNDA:0,(anonymous_2)
FNDA:0,(anonymous_3)
FNDA:0,(anonymous_4)
DA:2,1
DA:4,1
DA:6,1
DA:7,0
DA:8,0
DA:9,0
DA:10,0
DA:11,0
DA:13,0
DA:14,0
DA:18,1
DA:19,0
DA:23,1
DA:24,0
DA:25,0
DA:28,1
DA:29,0
DA:30,0
LF:18
LH:6
BRF:0
BRH:0
end_of_record
TN:
SF:src\emails\AuthEmails.ts
FN:11,(anonymous_0)
FN:28,(anonymous_1)
FNF:2
FNH:1
FNDA:1,(anonymous_0)
FNDA:0,(anonymous_1)
DA:1,1
DA:10,1
DA:11,1
DA:12,1
DA:24,1
DA:28,1
DA:29,0
DA:40,0
LF:8
LH:6
BRF:0
BRH:0
end_of_record
TN:
SF:src\middleware\auth.ts
FN:13,(anonymous_1)
FNF:1
FNH:1
FNDA:16,(anonymous_1)
DA:2,1
DA:3,1
DA:13,1
DA:14,16
DA:16,16
DA:17,5
DA:18,5
DA:22,16
DA:23,11
DA:24,0
DA:25,0
DA:28,11
DA:29,11
DA:30,10
DA:31,0
DA:32,0
DA:35,10
DA:36,10
DA:40,10
DA:41,10
DA:45,1
DA:46,1
LF:22
LH:18
BRDA:16,0,0,5
BRDA:23,1,0,0
BRDA:30,2,0,0
BRDA:35,3,0,10
BRDA:35,4,0,10
BRDA:35,4,1,10
BRF:6
BRH:4
end_of_record
TN:
SF:src\middleware\budget.ts
FN:13,(anonymous_1)
FN:14,(anonymous_2)
FN:24,(anonymous_3)
FN:44,(anonymous_4)
FN:54,(anonymous_5)
FN:64,hasAcces
FNF:6
FNH:6
FNDA:7,(anonymous_1)
FNDA:6,(anonymous_2)
FNDA:9,(anonymous_3)
FNDA:4,(anonymous_4)
FNDA:4,(anonymous_5)
FNDA:7,hasAcces
DA:2,3
DA:3,3
DA:13,3
DA:14,7
DA:16,7
DA:17,7
DA:18,1
DA:19,1
DA:21,6
DA:24,3
DA:25,9
DA:26,9
DA:27,9
DA:29,8
DA:30,3
DA:31,3
DA:34,5
DA:36,5
DA:39,1
DA:40,1
DA:44,3
DA:45,4
DA:46,4
DA:50,4
DA:54,4
DA:56,4
DA:59,0
DA:60,0
DA:64,3
DA:65,7
DA:66,2
DA:67,2
DA:68,2
DA:70,5
LF:34
LH:32
BRDA:17,0,0,1
BRDA:29,1,0,3
BRDA:65,2,0,2
BRF:3
BRH:3
end_of_record
TN:
SF:src\middleware\expense.ts
FN:13,(anonymous_1)
FN:22,(anonymous_2)
FN:27,(anonymous_3)
FN:28,(anonymous_4)
FN:37,(anonymous_5)
FNF:5
FNH:1
FNDA:0,(anonymous_1)
FNDA:0,(anonymous_2)
FNDA:0,(anonymous_3)
FNDA:0,(anonymous_4)
FNDA:3,(anonymous_5)
DA:2,2
DA:3,2
DA:13,2
DA:14,0
DA:18,0
DA:22,0
DA:24,0
DA:27,2
DA:28,0
DA:29,0
DA:30,0
DA:31,0
DA:32,0
DA:34,0
DA:37,2
DA:38,3
DA:39,3
DA:40,3
DA:42,2
DA:43,1
DA:44,1
DA:47,1
DA:49,1
DA:52,1
DA:53,1
LF:25
LH:15
BRDA:30,0,0,0
BRDA:42,1,0,1
BRF:2
BRH:1
end_of_record
TN:
SF:src\middleware\validation.ts
FN:4,(anonymous_0)
FNF:1
FNH:1
FNDA:26,(anonymous_0)
DA:2,1
DA:4,1
DA:5,26
DA:6,26
DA:7,8
DA:8,8
DA:10,18
LF:7
LH:7
BRDA:6,0,0,8
BRF:1
BRH:1
end_of_record
TN:
SF:src\models\Budget.ts
FN:22,(anonymous_3)
FN:28,(anonymous_4)
FN:31,(anonymous_5)
FNF:3
FNH:3
FNDA:3,(anonymous_3)
FNDA:2,(anonymous_4)
FNDA:3,(anonymous_5)
DA:1,2
DA:2,2
DA:3,2
DA:9,2
DA:14,2
DA:20,2
DA:22,3
DA:26,2
DA:28,2
DA:29,2
DA:31,3
DA:32,2
DA:35,2
LF:13
LH:13
BRF:0
BRH:0
end_of_record
TN:
SF:src\models\Expense.ts
FN:20,(anonymous_3)
FN:23,(anonymous_4)
FNF:2
FNH:2
FNDA:2,(anonymous_3)
FNDA:2,(anonymous_4)
DA:1,2
DA:2,2
DA:7,2
DA:12,2
DA:18,2
DA:20,2
DA:21,2
DA:23,2
DA:24,2
DA:27,2
LF:10
LH:10
BRF:0
BRH:0
end_of_record
TN:
SF:src\models\User.ts
FN:39,(anonymous_3)
FNF:1
FNH:1
FNDA:2,(anonymous_3)
DA:1,2
DA:2,2
DA:8,2
DA:13,2
DA:19,2
DA:26,2
DA:31,2
DA:37,2
DA:39,2
DA:43,2
DA:47,2
LF:11
LH:11
BRF:0
BRH:0
end_of_record
TN:
SF:src\routes\authRouter.ts
FNF:0
FNH:0
DA:1,1
DA:2,1
DA:3,1
DA:4,1
DA:5,1
DA:6,1
DA:8,1
DA:9,1
DA:11,1
DA:19,1
DA:27,1
DA:36,1
DA:44,1
DA:53,1
DA:66,1
DA:68,1
DA:81,1
DA:90,1
LF:18
LH:18
BRF:0
BRH:0
end_of_record
TN:
SF:src\routes\budgetRouter.ts
FNF:0
FNH:0
DA:1,1
DA:2,1
DA:3,1
DA:4,1
DA:5,1
DA:6,1
DA:7,1
DA:8,1
DA:10,1
DA:12,1
DA:13,1
DA:15,1
DA:17,1
DA:18,1
DA:20,1
DA:22,1
DA:28,1
DA:30,1
DA:36,1
DA:39,1
DA:44,1
DA:45,1
DA:50,1
DA:52,1
LF:24
LH:24
BRF:0
BRH:0
end_of_record
TN:
SF:src\tests\mocks\Budget.ts
FNF:0
FNH:0
DA:1,3
LF:1
LH:1
BRF:0
BRH:0
end_of_record
TN:
SF:src\tests\mocks\expenses.ts
FNF:0
FNH:0
DA:1,1
LF:1
LH:1
BRF:0
BRH:0
end_of_record
TN:
SF:src\utils\auth.ts
FN:3,(anonymous_1)
FN:8,(anonymous_2)
FNF:2
FNH:2
FNDA:1,(anonymous_1)
FNDA:5,(anonymous_2)
DA:1,1
DA:3,1
DA:4,1
DA:5,1
DA:8,1
DA:9,5
LF:6
LH:6
BRF:0
BRH:0
end_of_record
TN:
SF:src\utils\jwt.ts
FN:3,(anonymous_1)
FNF:1
FNH:1
FNDA:5,(anonymous_1)
DA:1,1
DA:3,1
DA:4,5
DA:7,5
LF:4
LH:4
BRF:0
BRH:0
end_of_record
TN:
SF:src\utils\token.ts
FN:1,(anonymous_0)
FNF:1
FNH:1
FNDA:1,(anonymous_0)
DA:1,1
LF:1
LH:1
BRF:0
BRH:0
end_of_record
