TN:
SF:src\server.ts
FN:8,connectDB
FNF:1
FNH:1
FNDA:1,connectDB
DA:1,1
DA:3,1
DA:4,1
DA:5,1
DA:6,1
DA:8,1
DA:9,1
DA:10,1
DA:11,1
DA:18,1
DA:20,1
DA:22,1
DA:24,1
DA:26,1
DA:28,1
DA:30,1
LF:16
LH:16
BRF:0
BRH:0
end_of_record
TN:
SF:src\config\db.ts
FNF:0
FNH:0
DA:1,1
DA:2,1
DA:4,1
DA:6,1
LF:4
LH:4
BRF:0
BRH:0
end_of_record
TN:
SF:src\config\limiter.ts
FNF:0
FNH:0
DA:1,1
DA:3,1
LF:2
LH:2
BRDA:5,0,0,0
BRDA:5,0,1,1
BRF:2
BRH:1
end_of_record
TN:
SF:src\config\nodemailer.ts
FN:5,(anonymous_1)
FNF:1
FNH:1
FNDA:1,(anonymous_1)
DA:1,1
DA:2,1
DA:3,1
DA:5,1
DA:6,1
DA:17,1
LF:6
LH:6
BRF:0
BRH:0
end_of_record
TN:
SF:src\controllers\AuthController.ts
FN:8,(anonymous_1)
FN:47,(anonymous_2)
FN:72,(anonymous_3)
FN:105,(anonymous_4)
FN:132,(anonymous_5)
FN:152,(anonymous_6)
FN:175,(anonymous_7)
FN:179,(anonymous_8)
FN:197,(anonymous_9)
FNF:9
FNH:3
FNDA:5,(anonymous_1)
FNDA:3,(anonymous_2)
FNDA:13,(anonymous_3)
FNDA:0,(anonymous_4)
FNDA:0,(anonymous_5)
FNDA:0,(anonymous_6)
FNDA:0,(anonymous_7)
FNDA:0,(anonymous_8)
FNDA:0,(anonymous_9)
DA:2,2
DA:3,2
DA:4,2
DA:5,2
DA:6,2
DA:7,2
DA:8,2
DA:10,5
DA:13,5
DA:14,5
DA:15,3
DA:16,3
DA:17,3
DA:20,2
DA:22,2
DA:23,2
DA:24,2
DA:25,2
DA:27,2
DA:28,2
DA:31,2
DA:33,2
DA:39,2
DA:40,2
DA:42,0
DA:43,0
DA:47,2
DA:49,3
DA:51,3
DA:52,3
DA:54,3
DA:55,2
DA:56,2
DA:57,2
DA:60,1
DA:61,1
DA:62,1
DA:63,1
DA:66,0
DA:67,0
DA:68,0
DA:72,2
DA:73,13
DA:74,13
DA:75,13
DA:77,13
DA:78,2
DA:79,2
DA:80,2
DA:83,11
DA:84,3
DA:85,3
DA:86,3
DA:89,8
DA:91,8
DA:92,2
DA:93,2
DA:94,2
DA:96,6
DA:98,6
DA:100,0
DA:101,0
DA:105,2
DA:106,0
DA:107,0
DA:108,0
DA:109,0
DA:110,0
DA:111,0
DA:112,0
DA:115,0
DA:116,0
DA:118,0
DA:124,0
DA:126,0
DA:127,0
DA:128,0
DA:132,2
DA:133,0
DA:134,0
DA:135,0
DA:137,0
DA:138,0
DA:139,0
DA:140,0
DA:143,0
DA:146,0
DA:147,0
DA:148,0
DA:152,2
DA:153,0
DA:154,0
DA:155,0
DA:156,0
DA:157,0
DA:158,0
DA:159,0
DA:160,0
DA:163,0
DA:164,0
DA:165,0
DA:166,0
DA:169,0
DA:170,0
DA:171,0
DA:175,2
DA:176,0
DA:179,2
DA:180,0
DA:181,0
DA:182,0
DA:184,0
DA:186,0
DA:187,0
DA:188,0
DA:189,0
DA:192,0
DA:193,0
DA:194,0
DA:197,2
DA:198,0
DA:199,0
DA:200,0
DA:202,0
DA:204,0
DA:205,0
DA:206,0
DA:207,0
DA:210,0
LF:129
LH:61
BRDA:14,0,0,3
BRDA:27,1,0,2
BRDA:54,2,0,2
BRDA:77,3,0,2
BRDA:83,4,0,3
BRDA:91,5,0,2
BRDA:109,6,0,0
BRDA:137,7,0,0
BRDA:157,8,0,0
BRDA:186,9,0,0
BRDA:204,10,0,0
BRF:11
BRH:6
end_of_record
TN:
SF:src\controllers\BudgetController.ts
FN:6,(anonymous_1)
FN:22,(anonymous_2)
FN:34,(anonymous_3)
FN:41,(anonymous_4)
FN:46,(anonymous_5)
FNF:5
FNH:5
FNDA:5,(anonymous_1)
FNDA:3,(anonymous_2)
FNDA:4,(anonymous_3)
FNDA:2,(anonymous_4)
FNDA:1,(anonymous_5)
DA:2,2
DA:3,2
DA:5,2
DA:6,2
DA:7,5
DA:8,5
DA:16,4
DA:18,1
DA:22,2
DA:23,3
DA:24,3
DA:25,2
DA:26,2
DA:27,2
DA:30,1
DA:34,2
DA:35,4
DA:38,4
DA:41,2
DA:42,2
DA:43,2
DA:46,2
DA:47,1
DA:48,1
LF:24
LH:24
BRF:0
BRH:0
end_of_record
TN:
SF:src\controllers\ExpenseController.ts
FN:6,(anonymous_1)
FN:18,(anonymous_2)
FN:23,(anonymous_3)
FN:28,(anonymous_4)
FNF:4
FNH:0
FNDA:0,(anonymous_1)
FNDA:0,(anonymous_2)
FNDA:0,(anonymous_3)
FNDA:0,(anonymous_4)
DA:2,1
DA:4,1
DA:6,1
DA:7,0
DA:8,0
DA:9,0
DA:10,0
DA:11,0
DA:13,0
DA:14,0
DA:18,1
DA:19,0
DA:23,1
DA:24,0
DA:25,0
DA:28,1
DA:29,0
DA:30,0
LF:18
LH:6
BRF:0
BRH:0
end_of_record
TN:
SF:src\emails\AuthEmails.ts
FN:11,(anonymous_0)
FN:28,(anonymous_1)
FNF:2
FNH:1
FNDA:1,(anonymous_0)
FNDA:0,(anonymous_1)
DA:1,1
DA:10,1
DA:11,1
DA:12,1
DA:24,1
DA:28,1
DA:29,0
DA:40,0
LF:8
LH:6
BRF:0
BRH:0
end_of_record
TN:
SF:src\middleware\auth.ts
FN:13,(anonymous_1)
FNF:1
FNH:1
FNDA:13,(anonymous_1)
DA:2,1
DA:3,1
DA:13,1
DA:14,13
DA:16,13
DA:17,4
DA:18,4
DA:22,13
DA:23,9
DA:24,0
DA:25,0
DA:28,9
DA:29,9
DA:30,8
DA:31,0
DA:32,0
DA:35,8
DA:36,8
DA:40,8
DA:41,8
DA:45,1
DA:46,1
LF:22
LH:18
BRDA:16,0,0,4
BRDA:23,1,0,0
BRDA:30,2,0,0
BRDA:35,3,0,8
BRDA:35,4,0,8
BRDA:35,4,1,8
BRF:6
BRH:4
end_of_record
TN:
SF:src\middleware\budget.ts
FN:13,(anonymous_1)
FN:14,(anonymous_2)
FN:24,(anonymous_3)
FN:44,(anonymous_4)
FN:54,(anonymous_5)
FN:64,hasAcces
FNF:6
FNH:6
FNDA:5,(anonymous_1)
FNDA:4,(anonymous_2)
FNDA:7,(anonymous_3)
FNDA:4,(anonymous_4)
FNDA:4,(anonymous_5)
FNDA:6,hasAcces
DA:2,3
DA:3,3
DA:13,3
DA:14,5
DA:16,5
DA:17,5
DA:18,1
DA:19,1
DA:21,4
DA:24,3
DA:25,7
DA:26,7
DA:27,7
DA:29,6
DA:30,2
DA:31,2
DA:34,4
DA:36,4
DA:39,1
DA:40,1
DA:44,3
DA:45,4
DA:46,4
DA:50,4
DA:54,4
DA:56,4
DA:59,0
DA:60,0
DA:64,3
DA:65,6
DA:66,2
DA:67,2
DA:68,2
DA:70,4
LF:34
LH:32
BRDA:17,0,0,1
BRDA:29,1,0,2
BRDA:65,2,0,2
BRF:3
BRH:3
end_of_record
TN:
SF:src\middleware\expense.ts
FN:13,(anonymous_1)
FN:22,(anonymous_2)
FN:27,(anonymous_3)
FN:28,(anonymous_4)
FN:37,(anonymous_5)
FNF:5
FNH:1
FNDA:0,(anonymous_1)
FNDA:0,(anonymous_2)
FNDA:0,(anonymous_3)
FNDA:0,(anonymous_4)
FNDA:3,(anonymous_5)
DA:2,2
DA:3,2
DA:13,2
DA:14,0
DA:18,0
DA:22,0
DA:24,0
DA:27,2
DA:28,0
DA:29,0
DA:30,0
DA:31,0
DA:32,0
DA:34,0
DA:37,2
DA:38,3
DA:39,3
DA:40,3
DA:42,2
DA:43,1
DA:44,1
DA:47,1
DA:49,1
DA:52,1
DA:53,1
LF:25
LH:15
BRDA:30,0,0,0
BRDA:42,1,0,1
BRF:2
BRH:1
end_of_record
TN:
SF:src\middleware\validation.ts
FN:4,(anonymous_0)
FNF:1
FNH:1
FNDA:25,(anonymous_0)
DA:2,1
DA:4,1
DA:5,25
DA:6,25
DA:7,8
DA:8,8
DA:10,17
LF:7
LH:7
BRDA:6,0,0,8
BRF:1
BRH:1
end_of_record
TN:
SF:src\models\Budget.ts
FN:22,(anonymous_3)
FN:28,(anonymous_4)
FN:31,(anonymous_5)
FNF:3
FNH:3
FNDA:3,(anonymous_3)
FNDA:2,(anonymous_4)
FNDA:3,(anonymous_5)
DA:1,2
DA:2,2
DA:3,2
DA:9,2
DA:14,2
DA:20,2
DA:22,3
DA:26,2
DA:28,2
DA:29,2
DA:31,3
DA:32,2
DA:35,2
LF:13
LH:13
BRF:0
BRH:0
end_of_record
TN:
SF:src\models\Expense.ts
FN:20,(anonymous_3)
FN:23,(anonymous_4)
FNF:2
FNH:2
FNDA:2,(anonymous_3)
FNDA:2,(anonymous_4)
DA:1,2
DA:2,2
DA:7,2
DA:12,2
DA:18,2
DA:20,2
DA:21,2
DA:23,2
DA:24,2
DA:27,2
LF:10
LH:10
BRF:0
BRH:0
end_of_record
TN:
SF:src\models\User.ts
FN:39,(anonymous_3)
FNF:1
FNH:1
FNDA:2,(anonymous_3)
DA:1,2
DA:2,2
DA:8,2
DA:13,2
DA:19,2
DA:26,2
DA:31,2
DA:37,2
DA:39,2
DA:43,2
DA:47,2
LF:11
LH:11
BRF:0
BRH:0
end_of_record
TN:
SF:src\routes\authRouter.ts
FNF:0
FNH:0
DA:1,1
DA:2,1
DA:3,1
DA:4,1
DA:5,1
DA:6,1
DA:8,1
DA:9,1
DA:11,1
DA:19,1
DA:27,1
DA:36,1
DA:44,1
DA:53,1
DA:66,1
DA:68,1
DA:81,1
DA:90,1
LF:18
LH:18
BRF:0
BRH:0
end_of_record
TN:
SF:src\routes\budgetRouter.ts
FNF:0
FNH:0
DA:1,1
DA:2,1
DA:3,1
DA:4,1
DA:5,1
DA:6,1
DA:7,1
DA:8,1
DA:10,1
DA:12,1
DA:13,1
DA:15,1
DA:17,1
DA:18,1
DA:20,1
DA:22,1
DA:28,1
DA:30,1
DA:36,1
DA:39,1
DA:44,1
DA:45,1
DA:50,1
DA:52,1
LF:24
LH:24
BRF:0
BRH:0
end_of_record
TN:
SF:src\tests\mocks\Budget.ts
FNF:0
FNH:0
DA:1,3
LF:1
LH:1
BRF:0
BRH:0
end_of_record
TN:
SF:src\tests\mocks\expenses.ts
FNF:0
FNH:0
DA:1,1
LF:1
LH:1
BRF:0
BRH:0
end_of_record
TN:
SF:src\utils\auth.ts
FN:3,(anonymous_1)
FN:8,(anonymous_2)
FNF:2
FNH:2
FNDA:1,(anonymous_1)
FNDA:4,(anonymous_2)
DA:1,1
DA:3,1
DA:4,1
DA:5,1
DA:8,1
DA:9,4
LF:6
LH:6
BRF:0
BRH:0
end_of_record
TN:
SF:src\utils\jwt.ts
FN:3,(anonymous_1)
FNF:1
FNH:1
FNDA:4,(anonymous_1)
DA:1,1
DA:3,1
DA:4,4
DA:7,4
LF:4
LH:4
BRF:0
BRH:0
end_of_record
TN:
SF:src\utils\token.ts
FN:1,(anonymous_0)
FNF:1
FNH:1
FNDA:1,(anonymous_0)
DA:1,1
LF:1
LH:1
BRF:0
BRH:0
end_of_record
